{"meta": {"format": 3, "version": "7.11.0", "timestamp": "2025-11-01T14:54:02.931563", "branch_coverage": false, "show_contexts": false}, "files": {"src/guide/__init__.py": {"executed_lines": [1, 8, 9, 10, 11, 13, 15, 16, 17, 19, 22, 23, 25, 31, 32, 33, 35, 37, 38, 41, 48, 49, 50, 51, 52, 53, 54, 57, 58, 59, 61, 63, 64, 65, 66, 67, 69, 70, 73, 75, 76, 77, 78, 80, 82, 115, 117, 119, 120, 121, 122, 124, 125, 127, 137, 138, 140, 141, 142, 143, 144, 145, 147, 154, 155, 158, 159, 160, 161, 164, 166, 172, 174, 176, 178, 179, 181, 183, 184, 185, 187, 193, 196, 197, 198, 201, 202, 203, 206, 207, 208, 211, 212, 213, 215, 217, 218, 220, 224, 227, 228, 229, 230, 231, 233], "summary": {"covered_lines": 103, "num_statements": 103, "percent_covered": 100.0, "percent_covered_display": "100", "missing_lines": 0, "excluded_lines": 0}, "missing_lines": [], "excluded_lines": [], "functions": {"Config.__init__": {"executed_lines": [31, 32, 33], "summary": {"covered_lines": 3, "num_statements": 3, "percent_covered": 100.0, "percent_covered_display": "100", "missing_lines": 0, "excluded_lines": 0}, "missing_lines": [], "excluded_lines": []}, "Config._find_config_path": {"executed_lines": [37, 38, 41, 48, 49, 50, 51, 52, 53, 54, 57, 58, 59], "summary": {"covered_lines": 13, "num_statements": 13, "percent_covered": 100.0, "percent_covered_display": "100", "missing_lines": 0, "excluded_lines": 0}, "missing_lines": [], "excluded_lines": []}, "Config._load_config": {"executed_lines": [63, 64, 65, 66, 67, 69, 70, 73, 75, 76, 77, 78], "summary": {"covered_lines": 12, "num_statements": 12, "percent_covered": 100.0, "percent_covered_display": "100", "missing_lines": 0, "excluded_lines": 0}, "missing_lines": [], "excluded_lines": []}, "Config._apply_defaults": {"executed_lines": [82, 115], "summary": {"covered_lines": 2, "num_statements": 2, "percent_covered": 100.0, "percent_covered_display": "100", "missing_lines": 0, "excluded_lines": 0}, "missing_lines": [], "excluded_lines": []}, "Config._deep_merge": {"executed_lines": [119, 120, 121, 122, 124, 125], "summary": {"covered_lines": 6, "num_statements": 6, "percent_covered": 100.0, "percent_covered_display": "100", "missing_lines": 0, "excluded_lines": 0}, "missing_lines": [], "excluded_lines": []}, "Config.get": {"executed_lines": [137, 138, 140, 141, 142, 143, 144, 145], "summary": {"covered_lines": 8, "num_statements": 8, "percent_covered": 100.0, "percent_covered_display": "100", "missing_lines": 0, "excluded_lines": 0}, "missing_lines": [], "excluded_lines": []}, "Config.set": {"executed_lines": [154, 155, 158, 159, 160, 161, 164], "summary": {"covered_lines": 7, "num_statements": 7, "percent_covered": 100.0, "percent_covered_display": "100", "missing_lines": 0, "excluded_lines": 0}, "missing_lines": [], "excluded_lines": []}, "Config.save": {"executed_lines": [172, 174, 176, 178, 179, 181, 183, 184, 185], "summary": {"covered_lines": 9, "num_statements": 9, "percent_covered": 100.0, "percent_covered_display": "100", "missing_lines": 0, "excluded_lines": 0}, "missing_lines": [], "excluded_lines": []}, "Config.validate": {"executed_lines": [193, 196, 197, 198, 201, 202, 203, 206, 207, 208, 211, 212, 213, 215], "summary": {"covered_lines": 14, "num_statements": 14, "percent_covered": 100.0, "percent_covered_display": "100", "missing_lines": 0, "excluded_lines": 0}, "missing_lines": [], "excluded_lines": []}, "Config.data": {"executed_lines": [220], "summary": {"covered_lines": 1, "num_statements": 1, "percent_covered": 100.0, "percent_covered_display": "100", "missing_lines": 0, "excluded_lines": 0}, "missing_lines": [], "excluded_lines": []}, "": {"executed_lines": [1, 8, 9, 10, 11, 13, 15, 16, 17, 19, 22, 23, 25, 35, 61, 80, 117, 127, 147, 166, 187, 217, 218, 224, 227, 228, 229, 230, 231, 233], "summary": {"covered_lines": 28, "num_statements": 28, "percent_covered": 100.0, "percent_covered_display": "100", "missing_lines": 0, "excluded_lines": 0}, "missing_lines": [], "excluded_lines": []}}, "classes": {"Config": {"executed_lines": [31, 32, 33, 37, 38, 41, 48, 49, 50, 51, 52, 53, 54, 57, 58, 59, 63, 64, 65, 66, 67, 69, 70, 73, 75, 76, 77, 78, 82, 115, 119, 120, 121, 122, 124, 125, 137, 138, 140, 141, 142, 143, 144, 145, 154, 155, 158, 159, 160, 161, 164, 172, 174, 176, 178, 179, 181, 183, 184, 185, 193, 196, 197, 198, 201, 202, 203, 206, 207, 208, 211, 212, 213, 215, 220], "summary": {"covered_lines": 75, "num_statements": 75, "percent_covered": 100.0, "percent_covered_display": "100", "missing_lines": 0, "excluded_lines": 0}, "missing_lines": [], "excluded_lines": []}, "": {"executed_lines": [1, 8, 9, 10, 11, 13, 15, 16, 17, 19, 22, 23, 25, 35, 61, 80, 117, 127, 147, 166, 187, 217, 218, 224, 227, 228, 229, 230, 231, 233], "summary": {"covered_lines": 28, "num_statements": 28, "percent_covered": 100.0, "percent_covered_display": "100", "missing_lines": 0, "excluded_lines": 0}, "missing_lines": [], "excluded_lines": []}}}, "src/guide/cli.py": {"executed_lines": [1, 6, 8, 9, 11, 12, 13, 15, 17, 20, 21, 23, 25, 26, 28, 30, 31, 32, 33, 36, 37, 39, 40, 41, 44, 47, 48, 49, 50, 51, 52, 54, 55, 58, 59, 60, 61, 62, 63, 64, 65, 69, 71, 72, 73, 74, 76, 77, 79, 81, 82, 85, 88, 90, 93, 94, 95, 96, 97, 99, 100, 101, 102, 103, 105, 106, 107, 108, 109, 110, 111, 112, 114, 117, 118, 119, 120, 121, 123, 125, 127, 128, 132, 133, 135, 136, 137, 139, 140, 141, 142, 143, 144, 145, 146, 147, 148, 149, 151, 153, 155, 156, 157, 158, 160, 161, 163, 164, 165, 170, 172, 174, 175, 176, 177, 179, 180, 183, 184, 185, 186, 187, 188, 189, 190, 192, 195, 196, 197, 200, 202, 203, 205, 208, 209, 217, 218, 219, 227, 230, 231, 233, 235, 236, 237, 239, 241, 242, 243, 244, 245, 246, 247, 248, 249, 250, 251, 252, 253, 256], "summary": {"covered_lines": 158, "num_statements": 166, "percent_covered": 95.18072289156626, "percent_covered_display": "95", "missing_lines": 8, "excluded_lines": 0}, "missing_lines": [67, 83, 166, 167, 168, 193, 194, 257], "excluded_lines": [], "functions": {"LocalRAGCLI.__init__": {"executed_lines": [25, 26], "summary": {"covered_lines": 2, "num_statements": 2, "percent_covered": 100.0, "percent_covered_display": "100", "missing_lines": 0, "excluded_lines": 0}, "missing_lines": [], "excluded_lines": []}, "LocalRAGCLI.status": {"executed_lines": [30, 31, 32, 33, 36, 37, 39, 40, 41, 44, 47, 48, 49, 50, 51, 52, 54, 55, 58, 59, 60, 61, 62, 63, 64, 65, 69, 71, 72, 73, 74, 76, 77, 79, 81, 82, 85, 88, 90, 93, 94, 95, 96, 97, 99, 100, 101, 102, 103, 105, 106, 107, 108, 109, 110, 111, 112], "summary": {"covered_lines": 57, "num_statements": 59, "percent_covered": 96.61016949152543, "percent_covered_display": "97", "missing_lines": 2, "excluded_lines": 0}, "missing_lines": [67, 83], "excluded_lines": []}, "LocalRAGCLI.import_content": {"executed_lines": [117, 118, 119, 120, 121, 123, 125, 127, 128, 132, 133, 135, 136, 137, 139, 140, 141, 142, 143, 144, 145, 146, 147, 148, 149], "summary": {"covered_lines": 25, "num_statements": 25, "percent_covered": 100.0, "percent_covered_display": "100", "missing_lines": 0, "excluded_lines": 0}, "missing_lines": [], "excluded_lines": []}, "LocalRAGCLI.reset_database": {"executed_lines": [153, 155, 156, 157, 158, 160, 161, 163, 164, 165], "summary": {"covered_lines": 10, "num_statements": 13, "percent_covered": 76.92307692307692, "percent_covered_display": "77", "missing_lines": 3, "excluded_lines": 0}, "missing_lines": [166, 167, 168], "excluded_lines": []}, "LocalRAGCLI.query": {"executed_lines": [172, 174, 175, 176, 177, 179, 180, 183, 184, 185, 186, 187, 188, 189, 190, 192, 195, 196, 197], "summary": {"covered_lines": 19, "num_statements": 21, "percent_covered": 90.47619047619048, "percent_covered_display": "90", "missing_lines": 2, "excluded_lines": 0}, "missing_lines": [193, 194], "excluded_lines": []}, "main": {"executed_lines": [202, 203, 205, 208, 209, 217, 218, 219, 227, 230, 231, 233, 235, 236, 237, 239, 241, 242, 243, 244, 245, 246, 247, 248, 249, 250, 251, 252, 253], "summary": {"covered_lines": 29, "num_statements": 29, "percent_covered": 100.0, "percent_covered_display": "100", "missing_lines": 0, "excluded_lines": 0}, "missing_lines": [], "excluded_lines": []}, "": {"executed_lines": [1, 6, 8, 9, 11, 12, 13, 15, 17, 20, 21, 23, 28, 114, 151, 170, 200, 256], "summary": {"covered_lines": 16, "num_statements": 17, "percent_covered": 94.11764705882354, "percent_covered_display": "94", "missing_lines": 1, "excluded_lines": 0}, "missing_lines": [257], "excluded_lines": []}}, "classes": {"LocalRAGCLI": {"executed_lines": [25, 26, 30, 31, 32, 33, 36, 37, 39, 40, 41, 44, 47, 48, 49, 50, 51, 52, 54, 55, 58, 59, 60, 61, 62, 63, 64, 65, 69, 71, 72, 73, 74, 76, 77, 79, 81, 82, 85, 88, 90, 93, 94, 95, 96, 97, 99, 100, 101, 102, 103, 105, 106, 107, 108, 109, 110, 111, 112, 117, 118, 119, 120, 121, 123, 125, 127, 128, 132, 133, 135, 136, 137, 139, 140, 141, 142, 143, 144, 145, 146, 147, 148, 149, 153, 155, 156, 157, 158, 160, 161, 163, 164, 165, 172, 174, 175, 176, 177, 179, 180, 183, 184, 185, 186, 187, 188, 189, 190, 192, 195, 196, 197], "summary": {"covered_lines": 113, "num_statements": 120, "percent_covered": 94.16666666666667, "percent_covered_display": "94", "missing_lines": 7, "excluded_lines": 0}, "missing_lines": [67, 83, 166, 167, 168, 193, 194], "excluded_lines": []}, "": {"executed_lines": [1, 6, 8, 9, 11, 12, 13, 15, 17, 20, 21, 23, 28, 114, 151, 170, 200, 202, 203, 205, 208, 209, 217, 218, 219, 227, 230, 231, 233, 235, 236, 237, 239, 241, 242, 243, 244, 245, 246, 247, 248, 249, 250, 251, 252, 253, 256], "summary": {"covered_lines": 45, "num_statements": 46, "percent_covered": 97.82608695652173, "percent_covered_display": "98", "missing_lines": 1, "excluded_lines": 0}, "missing_lines": [257], "excluded_lines": []}}}, "src/guide/content_manager.py": {"executed_lines": [1, 6, 8, 9, 10, 11, 12, 14, 17, 18, 20, 27, 28, 30, 43, 45, 46, 47, 49, 50, 51, 52, 54, 55, 56, 64, 66, 67, 69, 70, 71, 73, 87, 88, 90, 91, 92, 94, 95, 97, 98, 99, 100, 102, 103, 105, 115, 118, 121, 124, 125, 126, 127, 129, 137, 138, 139, 140, 144, 146, 148, 150, 151, 153, 155, 158, 160, 162, 165, 166, 169, 170, 171, 174, 177, 178, 179, 180, 182, 190, 193, 194, 196, 197, 198, 199, 200, 202, 203, 206, 207, 209, 211, 222, 237, 258], "summary": {"covered_lines": 94, "num_statements": 109, "percent_covered": 86.23853211009174, "percent_covered_display": "86", "missing_lines": 15, "excluded_lines": 0}, "missing_lines": [220, 234, 235, 248, 249, 251, 252, 254, 256, 273, 274, 276, 277, 279, 281], "excluded_lines": [], "functions": {"ContentManager.__init__": {"executed_lines": [27, 28], "summary": {"covered_lines": 2, "num_statements": 2, "percent_covered": 100.0, "percent_covered_display": "100", "missing_lines": 0, "excluded_lines": 0}, "missing_lines": [], "excluded_lines": []}, "ContentManager.ingest_file": {"executed_lines": [43, 45, 46, 47, 49, 50, 51, 52, 54, 55, 56, 64, 66, 67, 69, 70, 71], "summary": {"covered_lines": 17, "num_statements": 17, "percent_covered": 100.0, "percent_covered_display": "100", "missing_lines": 0, "excluded_lines": 0}, "missing_lines": [], "excluded_lines": []}, "ContentManager.ingest_directory": {"executed_lines": [87, 88, 90, 91, 92, 94, 95, 97, 98, 99, 100, 102, 103], "summary": {"covered_lines": 13, "num_statements": 13, "percent_covered": 100.0, "percent_covered_display": "100", "missing_lines": 0, "excluded_lines": 0}, "missing_lines": [], "excluded_lines": []}, "ContentManager.ingest_url": {"executed_lines": [115, 118, 121, 124, 125, 126, 127, 129, 137, 138, 139, 140, 144, 146], "summary": {"covered_lines": 14, "num_statements": 14, "percent_covered": 100.0, "percent_covered_display": "100", "missing_lines": 0, "excluded_lines": 0}, "missing_lines": [], "excluded_lines": []}, "ContentManager._read_file": {"executed_lines": [150, 151, 153], "summary": {"covered_lines": 3, "num_statements": 3, "percent_covered": 100.0, "percent_covered_display": "100", "missing_lines": 0, "excluded_lines": 0}, "missing_lines": [], "excluded_lines": []}, "ContentManager._extract_html_text": {"executed_lines": [158, 160], "summary": {"covered_lines": 2, "num_statements": 2, "percent_covered": 100.0, "percent_covered_display": "100", "missing_lines": 0, "excluded_lines": 0}, "missing_lines": [], "excluded_lines": []}, "ContentManager._extract_metadata": {"executed_lines": [165, 166, 169, 170, 171, 174, 177, 178, 179, 180, 182], "summary": {"covered_lines": 11, "num_statements": 11, "percent_covered": 100.0, "percent_covered_display": "100", "missing_lines": 0, "excluded_lines": 0}, "missing_lines": [], "excluded_lines": []}, "ContentManager._chunk_content": {"executed_lines": [193, 194, 196, 197, 198, 199, 200, 202, 203, 206, 207, 209], "summary": {"covered_lines": 12, "num_statements": 12, "percent_covered": 100.0, "percent_covered_display": "100", "missing_lines": 0, "excluded_lines": 0}, "missing_lines": [], "excluded_lines": []}, "ContentManager.calculate_content_hash": {"executed_lines": [], "summary": {"covered_lines": 0, "num_statements": 1, "percent_covered": 0.0, "percent_covered_display": "0", "missing_lines": 1, "excluded_lines": 0}, "missing_lines": [220], "excluded_lines": []}, "ContentManager.calculate_source_hash": {"executed_lines": [], "summary": {"covered_lines": 0, "num_statements": 2, "percent_covered": 0.0, "percent_covered_display": "0", "missing_lines": 2, "excluded_lines": 0}, "missing_lines": [234, 235], "excluded_lines": []}, "ContentManager.check_content_changed": {"executed_lines": [], "summary": {"covered_lines": 0, "num_statements": 6, "percent_covered": 0.0, "percent_covered_display": "0", "missing_lines": 6, "excluded_lines": 0}, "missing_lines": [248, 249, 251, 252, 254, 256], "excluded_lines": []}, "ContentManager.check_source_changed": {"executed_lines": [], "summary": {"covered_lines": 0, "num_statements": 6, "percent_covered": 0.0, "percent_covered_display": "0", "missing_lines": 6, "excluded_lines": 0}, "missing_lines": [273, 274, 276, 277, 279, 281], "excluded_lines": []}, "": {"executed_lines": [1, 6, 8, 9, 10, 11, 12, 14, 17, 18, 20, 30, 73, 105, 148, 155, 162, 190, 211, 222, 237, 258], "summary": {"covered_lines": 20, "num_statements": 20, "percent_covered": 100.0, "percent_covered_display": "100", "missing_lines": 0, "excluded_lines": 0}, "missing_lines": [], "excluded_lines": []}}, "classes": {"ContentManager": {"executed_lines": [27, 28, 43, 45, 46, 47, 49, 50, 51, 52, 54, 55, 56, 64, 66, 67, 69, 70, 71, 87, 88, 90, 91, 92, 94, 95, 97, 98, 99, 100, 102, 103, 115, 118, 121, 124, 125, 126, 127, 129, 137, 138, 139, 140, 144, 146, 150, 151, 153, 158, 160, 165, 166, 169, 170, 171, 174, 177, 178, 179, 180, 182, 193, 194, 196, 197, 198, 199, 200, 202, 203, 206, 207, 209], "summary": {"covered_lines": 74, "num_statements": 89, "percent_covered": 83.14606741573034, "percent_covered_display": "83", "missing_lines": 15, "excluded_lines": 0}, "missing_lines": [220, 234, 235, 248, 249, 251, 252, 254, 256, 273, 274, 276, 277, 279, 281], "excluded_lines": []}, "": {"executed_lines": [1, 6, 8, 9, 10, 11, 12, 14, 17, 18, 20, 30, 73, 105, 148, 155, 162, 190, 211, 222, 237, 258], "summary": {"covered_lines": 20, "num_statements": 20, "percent_covered": 100.0, "percent_covered_display": "100", "missing_lines": 0, "excluded_lines": 0}, "missing_lines": [], "excluded_lines": []}}}, "src/guide/llm_interface.py": {"executed_lines": [1, 6, 8, 9, 10, 11, 12, 14, 17, 18, 19, 21, 22, 23, 24, 25, 26, 27, 28, 29, 30, 31, 32, 33, 35, 37, 53, 54, 57, 58, 59, 60, 61, 63, 64, 65, 67, 83, 85, 86, 87, 89, 91, 100, 102, 104, 105, 107, 108, 111, 112, 113, 115, 118, 119, 121, 128, 129, 130, 137, 139, 141, 142, 145, 148, 151, 152, 154, 155, 158, 160, 162, 163, 164, 165, 166, 167, 169, 180, 181, 183, 185, 188, 190, 199, 202, 205, 206, 207, 208, 209, 210, 211, 216, 217, 218, 220, 231, 232, 233, 234, 235, 236, 238, 247, 249, 251, 253, 256, 264, 267, 269, 270, 272, 273, 274, 275, 276, 277, 279, 287, 289, 297, 303, 304, 308, 310, 342, 364, 384, 441, 450, 451, 452, 453, 454, 455, 458, 460, 476, 478, 481, 482, 484, 485, 488, 489, 493, 494, 495, 498, 499, 500, 501, 504, 508, 510, 511, 512, 520, 522, 531, 532], "summary": {"covered_lines": 160, "num_statements": 210, "percent_covered": 76.19047619047619, "percent_covered_display": "76", "missing_lines": 50, "excluded_lines": 0}, "missing_lines": [214, 319, 320, 322, 323, 324, 325, 328, 329, 332, 333, 335, 338, 340, 355, 357, 358, 360, 362, 377, 378, 379, 380, 381, 382, 393, 395, 397, 399, 407, 410, 413, 414, 415, 416, 417, 418, 420, 426, 428, 429, 431, 432, 434, 435, 436, 437, 438, 439, 506], "excluded_lines": [], "functions": {"Query.to_dict": {"executed_lines": [37], "summary": {"covered_lines": 1, "num_statements": 1, "percent_covered": 100.0, "percent_covered_display": "100", "missing_lines": 0, "excluded_lines": 0}, "missing_lines": [], "excluded_lines": []}, "Query.from_dict": {"executed_lines": [57, 58, 59, 60, 61, 63, 64, 65, 67], "summary": {"covered_lines": 9, "num_statements": 9, "percent_covered": 100.0, "percent_covered_display": "100", "missing_lines": 0, "excluded_lines": 0}, "missing_lines": [], "excluded_lines": []}, "Query.mark_processed": {"executed_lines": [85, 86, 87], "summary": {"covered_lines": 3, "num_statements": 3, "percent_covered": 100.0, "percent_covered_display": "100", "missing_lines": 0, "excluded_lines": 0}, "missing_lines": [], "excluded_lines": []}, "Query.add_context_document": {"executed_lines": [91], "summary": {"covered_lines": 1, "num_statements": 1, "percent_covered": 100.0, "percent_covered_display": "100", "missing_lines": 0, "excluded_lines": 0}, "missing_lines": [], "excluded_lines": []}, "Query.get_context_text": {"executed_lines": [102], "summary": {"covered_lines": 1, "num_statements": 1, "percent_covered": 100.0, "percent_covered_display": "100", "missing_lines": 0, "excluded_lines": 0}, "missing_lines": [], "excluded_lines": []}, "Query.create_query_id": {"executed_lines": [107, 108, 111, 112, 113, 115], "summary": {"covered_lines": 6, "num_statements": 6, "percent_covered": 100.0, "percent_covered_display": "100", "missing_lines": 0, "excluded_lines": 0}, "missing_lines": [], "excluded_lines": []}, "LLMInterface.__init__": {"executed_lines": [128, 129, 130, 137], "summary": {"covered_lines": 4, "num_statements": 4, "percent_covered": 100.0, "percent_covered_display": "100", "missing_lines": 0, "excluded_lines": 0}, "missing_lines": [], "excluded_lines": []}, "LLMInterface._load_model": {"executed_lines": [141, 142, 145, 148, 151, 152, 154, 155, 158, 160, 162, 163, 164, 165, 166, 167], "summary": {"covered_lines": 16, "num_statements": 16, "percent_covered": 100.0, "percent_covered_display": "100", "missing_lines": 0, "excluded_lines": 0}, "missing_lines": [], "excluded_lines": []}, "LLMInterface.generate": {"executed_lines": [180, 181, 183, 185, 188, 190, 199, 202, 205, 206, 207, 208, 209, 210, 211, 216, 217, 218], "summary": {"covered_lines": 18, "num_statements": 19, "percent_covered": 94.73684210526316, "percent_covered_display": "95", "missing_lines": 1, "excluded_lines": 0}, "missing_lines": [214], "excluded_lines": []}, "LLMInterface.generate_complete": {"executed_lines": [231, 232, 233, 234, 235, 236], "summary": {"covered_lines": 6, "num_statements": 6, "percent_covered": 100.0, "percent_covered_display": "100", "missing_lines": 0, "excluded_lines": 0}, "missing_lines": [], "excluded_lines": []}, "LLMInterface.process_query": {"executed_lines": [247, 249, 251, 253, 256, 264, 267, 269, 270, 272, 273, 274, 275, 276, 277], "summary": {"covered_lines": 15, "num_statements": 15, "percent_covered": 100.0, "percent_covered_display": "100", "missing_lines": 0, "excluded_lines": 0}, "missing_lines": [], "excluded_lines": []}, "LLMInterface._build_prompt": {"executed_lines": [287, 289, 297, 303, 304, 308], "summary": {"covered_lines": 6, "num_statements": 6, "percent_covered": 100.0, "percent_covered_display": "100", "missing_lines": 0, "excluded_lines": 0}, "missing_lines": [], "excluded_lines": []}, "LLMInterface._build_context_with_sources": {"executed_lines": [], "summary": {"covered_lines": 0, "num_statements": 13, "percent_covered": 0.0, "percent_covered_display": "0", "missing_lines": 13, "excluded_lines": 0}, "missing_lines": [319, 320, 322, 323, 324, 325, 328, 329, 332, 333, 335, 338, 340], "excluded_lines": []}, "LLMInterface.generate_with_sources": {"executed_lines": [], "summary": {"covered_lines": 0, "num_statements": 5, "percent_covered": 0.0, "percent_covered_display": "0", "missing_lines": 5, "excluded_lines": 0}, "missing_lines": [355, 357, 358, 360, 362], "excluded_lines": []}, "LLMInterface.generate_complete_with_sources": {"executed_lines": [], "summary": {"covered_lines": 0, "num_statements": 6, "percent_covered": 0.0, "percent_covered_display": "0", "missing_lines": 6, "excluded_lines": 0}, "missing_lines": [377, 378, 379, 380, 381, 382], "excluded_lines": []}, "LLMInterface.process_query_with_sources": {"executed_lines": [], "summary": {"covered_lines": 0, "num_statements": 24, "percent_covered": 0.0, "percent_covered_display": "0", "missing_lines": 24, "excluded_lines": 0}, "missing_lines": [393, 395, 397, 399, 407, 410, 413, 414, 415, 416, 417, 418, 420, 426, 428, 429, 431, 432, 434, 435, 436, 437, 438, 439], "excluded_lines": []}, "LLMInterface.estimate_tokens": {"executed_lines": [450, 451, 452, 453, 454, 455, 458], "summary": {"covered_lines": 7, "num_statements": 7, "percent_covered": 100.0, "percent_covered_display": "100", "missing_lines": 0, "excluded_lines": 0}, "missing_lines": [], "excluded_lines": []}, "LLMInterface.validate_context_length": {"executed_lines": [476, 478, 481, 482, 484, 485, 488, 489, 493, 494, 495, 498, 499, 500, 501, 504], "summary": {"covered_lines": 16, "num_statements": 17, "percent_covered": 94.11764705882354, "percent_covered_display": "94", "missing_lines": 1, "excluded_lines": 0}, "missing_lines": [506], "excluded_lines": []}, "LLMInterface.health_check": {"executed_lines": [510, 511, 512, 520, 522, 531, 532], "summary": {"covered_lines": 7, "num_statements": 7, "percent_covered": 100.0, "percent_covered_display": "100", "missing_lines": 0, "excluded_lines": 0}, "missing_lines": [], "excluded_lines": []}, "": {"executed_lines": [1, 6, 8, 9, 10, 11, 12, 14, 17, 18, 19, 21, 22, 23, 24, 25, 26, 27, 28, 29, 30, 31, 32, 33, 35, 53, 54, 83, 89, 100, 104, 105, 118, 119, 121, 139, 169, 220, 238, 279, 310, 342, 364, 384, 441, 460, 508], "summary": {"covered_lines": 44, "num_statements": 44, "percent_covered": 100.0, "percent_covered_display": "100", "missing_lines": 0, "excluded_lines": 0}, "missing_lines": [], "excluded_lines": []}}, "classes": {"Query": {"executed_lines": [37, 57, 58, 59, 60, 61, 63, 64, 65, 67, 85, 86, 87, 91, 102, 107, 108, 111, 112, 113, 115], "summary": {"covered_lines": 21, "num_statements": 21, "percent_covered": 100.0, "percent_covered_display": "100", "missing_lines": 0, "excluded_lines": 0}, "missing_lines": [], "excluded_lines": []}, "LLMInterface": {"executed_lines": [128, 129, 130, 137, 141, 142, 145, 148, 151, 152, 154, 155, 158, 160, 162, 163, 164, 165, 166, 167, 180, 181, 183, 185, 188, 190, 199, 202, 205, 206, 207, 208, 209, 210, 211, 216, 217, 218, 231, 232, 233, 234, 235, 236, 247, 249, 251, 253, 256, 264, 267, 269, 270, 272, 273, 274, 275, 276, 277, 287, 289, 297, 303, 304, 308, 450, 451, 452, 453, 454, 455, 458, 476, 478, 481, 482, 484, 485, 488, 489, 493, 494, 495, 498, 499, 500, 501, 504, 510, 511, 512, 520, 522, 531, 532], "summary": {"covered_lines": 95, "num_statements": 145, "percent_covered": 65.51724137931035, "percent_covered_display": "66", "missing_lines": 50, "excluded_lines": 0}, "missing_lines": [214, 319, 320, 322, 323, 324, 325, 328, 329, 332, 333, 335, 338, 340, 355, 357, 358, 360, 362, 377, 378, 379, 380, 381, 382, 393, 395, 397, 399, 407, 410, 413, 414, 415, 416, 417, 418, 420, 426, 428, 429, 431, 432, 434, 435, 436, 437, 438, 439, 506], "excluded_lines": []}, "": {"executed_lines": [1, 6, 8, 9, 10, 11, 12, 14, 17, 18, 19, 21, 22, 23, 24, 25, 26, 27, 28, 29, 30, 31, 32, 33, 35, 53, 54, 83, 89, 100, 104, 105, 118, 119, 121, 139, 169, 220, 238, 279, 310, 342, 364, 384, 441, 460, 508], "summary": {"covered_lines": 44, "num_statements": 44, "percent_covered": 100.0, "percent_covered_display": "100", "missing_lines": 0, "excluded_lines": 0}, "missing_lines": [], "excluded_lines": []}}}, "src/guide/main.py": {"executed_lines": [1, 6, 8, 9, 10, 11, 12, 13, 14, 15, 16, 18, 19, 21, 22, 25, 26, 28, 35, 36, 37, 38, 39, 40, 41, 44, 45, 46, 49, 50, 52, 54, 56, 58, 59, 60, 63, 65, 66, 67, 70, 72, 73, 74, 77, 78, 79, 80, 81, 85, 86, 87, 88, 89, 91, 97, 98, 100, 101, 103, 104, 105, 106, 107, 108, 110, 116, 118, 124, 125, 127, 129, 131, 132, 134, 135, 136, 137, 139, 141, 142, 143, 144, 146, 148, 149, 151, 152, 153, 155, 156, 157, 160, 162, 163, 166, 180, 186, 192, 193, 194, 195, 205, 206, 207, 217, 218, 219, 220, 222, 223, 232, 238, 239, 241, 257, 260, 261, 263, 265, 276, 277, 280, 281, 304, 306, 309, 313, 314, 315, 318, 319, 322, 325, 327, 328, 330, 334, 335, 338, 339, 340, 343, 351, 352, 355, 356, 357, 360, 361, 372, 376, 377, 379, 382, 383, 384, 386, 395, 398, 399, 400, 410, 412, 413, 416, 418, 419, 422, 423, 424, 425, 427, 428, 434, 445, 447, 448, 449, 450, 453], "summary": {"covered_lines": 178, "num_statements": 191, "percent_covered": 93.19371727748691, "percent_covered_display": "93", "missing_lines": 13, "excluded_lines": 0}, "missing_lines": [82, 83, 167, 170, 171, 173, 174, 177, 178, 182, 183, 184, 454], "excluded_lines": [], "functions": {"ThermalMonitor.__init__": {"executed_lines": [35, 36, 37, 38, 39, 40, 41, 44, 45, 46, 49, 50, 52], "summary": {"covered_lines": 13, "num_statements": 13, "percent_covered": 100.0, "percent_covered_display": "100", "missing_lines": 0, "excluded_lines": 0}, "missing_lines": [], "excluded_lines": []}, "ThermalMonitor._discover_thermal_zones": {"executed_lines": [56, 58, 59, 60, 63, 65, 66, 67, 70, 72, 73, 74, 77, 78, 79, 80, 81, 85, 86, 87, 88, 89], "summary": {"covered_lines": 22, "num_statements": 24, "percent_covered": 91.66666666666667, "percent_covered_display": "92", "missing_lines": 2, "excluded_lines": 0}, "missing_lines": [82, 83], "excluded_lines": []}, "ThermalMonitor._read_temperature": {"executed_lines": [97, 98, 100, 101, 103, 104, 105, 106, 107, 108], "summary": {"covered_lines": 10, "num_statements": 10, "percent_covered": 100.0, "percent_covered_display": "100", "missing_lines": 0, "excluded_lines": 0}, "missing_lines": [], "excluded_lines": []}, "ThermalMonitor.get_current_temperature": {"executed_lines": [116], "summary": {"covered_lines": 1, "num_statements": 1, "percent_covered": 100.0, "percent_covered_display": "100", "missing_lines": 0, "excluded_lines": 0}, "missing_lines": [], "excluded_lines": []}, "ThermalMonitor.get_average_temperature": {"executed_lines": [124, 125, 127], "summary": {"covered_lines": 3, "num_statements": 3, "percent_covered": 100.0, "percent_covered_display": "100", "missing_lines": 0, "excluded_lines": 0}, "missing_lines": [], "excluded_lines": []}, "ThermalMonitor.start_monitoring": {"executed_lines": [131, 132, 134, 135, 136, 137], "summary": {"covered_lines": 6, "num_statements": 6, "percent_covered": 100.0, "percent_covered_display": "100", "missing_lines": 0, "excluded_lines": 0}, "missing_lines": [], "excluded_lines": []}, "ThermalMonitor.stop_monitoring": {"executed_lines": [141, 142, 143, 144], "summary": {"covered_lines": 4, "num_statements": 4, "percent_covered": 100.0, "percent_covered_display": "100", "missing_lines": 0, "excluded_lines": 0}, "missing_lines": [], "excluded_lines": []}, "ThermalMonitor._monitor_loop": {"executed_lines": [148, 149, 151, 152, 153, 155, 156, 157, 160, 162, 163, 166, 180], "summary": {"covered_lines": 13, "num_statements": 23, "percent_covered": 56.52173913043478, "percent_covered_display": "57", "missing_lines": 10, "excluded_lines": 0}, "missing_lines": [167, 170, 171, 173, 174, 177, 178, 182, 183, 184], "excluded_lines": []}, "ThermalMonitor._check_thermal_thresholds": {"executed_lines": [192, 193, 194, 195, 205, 206, 207, 217, 218, 219, 220, 222, 223], "summary": {"covered_lines": 13, "num_statements": 13, "percent_covered": 100.0, "percent_covered_display": "100", "missing_lines": 0, "excluded_lines": 0}, "missing_lines": [], "excluded_lines": []}, "ThermalMonitor.get_thermal_status": {"executed_lines": [238, 239, 241], "summary": {"covered_lines": 3, "num_statements": 3, "percent_covered": 100.0, "percent_covered_display": "100", "missing_lines": 0, "excluded_lines": 0}, "missing_lines": [], "excluded_lines": []}, "JSONFormatter.format": {"executed_lines": [265, 276, 277, 280, 281, 304, 306], "summary": {"covered_lines": 7, "num_statements": 7, "percent_covered": 100.0, "percent_covered_display": "100", "missing_lines": 0, "excluded_lines": 0}, "missing_lines": [], "excluded_lines": []}, "setup_logging": {"executed_lines": [313, 314, 315, 318, 319, 322, 325, 327, 328, 330, 334, 335, 338, 339, 340, 343, 351, 352, 355, 356, 357, 360, 361], "summary": {"covered_lines": 23, "num_statements": 23, "percent_covered": 100.0, "percent_covered_display": "100", "missing_lines": 0, "excluded_lines": 0}, "missing_lines": [], "excluded_lines": []}, "create_app": {"executed_lines": [376, 377, 379, 382, 383, 384, 386, 395, 398, 399, 400, 410, 412, 413], "summary": {"covered_lines": 14, "num_statements": 14, "percent_covered": 100.0, "percent_covered_display": "100", "missing_lines": 0, "excluded_lines": 0}, "missing_lines": [], "excluded_lines": []}, "main": {"executed_lines": [418, 419, 422, 423, 424, 425, 427, 428, 434, 445, 447, 448, 449, 450], "summary": {"covered_lines": 14, "num_statements": 14, "percent_covered": 100.0, "percent_covered_display": "100", "missing_lines": 0, "excluded_lines": 0}, "missing_lines": [], "excluded_lines": []}, "": {"executed_lines": [1, 6, 8, 9, 10, 11, 12, 13, 14, 15, 16, 18, 19, 21, 22, 25, 26, 28, 54, 91, 110, 118, 129, 139, 146, 186, 232, 257, 260, 261, 263, 309, 372, 416, 453], "summary": {"covered_lines": 32, "num_statements": 33, "percent_covered": 96.96969696969697, "percent_covered_display": "97", "missing_lines": 1, "excluded_lines": 0}, "missing_lines": [454], "excluded_lines": []}}, "classes": {"ThermalMonitor": {"executed_lines": [35, 36, 37, 38, 39, 40, 41, 44, 45, 46, 49, 50, 52, 56, 58, 59, 60, 63, 65, 66, 67, 70, 72, 73, 74, 77, 78, 79, 80, 81, 85, 86, 87, 88, 89, 97, 98, 100, 101, 103, 104, 105, 106, 107, 108, 116, 124, 125, 127, 131, 132, 134, 135, 136, 137, 141, 142, 143, 144, 148, 149, 151, 152, 153, 155, 156, 157, 160, 162, 163, 166, 180, 192, 193, 194, 195, 205, 206, 207, 217, 218, 219, 220, 222, 223, 238, 239, 241], "summary": {"covered_lines": 88, "num_statements": 100, "percent_covered": 88.0, "percent_covered_display": "88", "missing_lines": 12, "excluded_lines": 0}, "missing_lines": [82, 83, 167, 170, 171, 173, 174, 177, 178, 182, 183, 184], "excluded_lines": []}, "JSONFormatter": {"executed_lines": [265, 276, 277, 280, 281, 304, 306], "summary": {"covered_lines": 7, "num_statements": 7, "percent_covered": 100.0, "percent_covered_display": "100", "missing_lines": 0, "excluded_lines": 0}, "missing_lines": [], "excluded_lines": []}, "": {"executed_lines": [1, 6, 8, 9, 10, 11, 12, 13, 14, 15, 16, 18, 19, 21, 22, 25, 26, 28, 54, 91, 110, 118, 129, 139, 146, 186, 232, 257, 260, 261, 263, 309, 313, 314, 315, 318, 319, 322, 325, 327, 328, 330, 334, 335, 338, 339, 340, 343, 351, 352, 355, 356, 357, 360, 361, 372, 376, 377, 379, 382, 383, 384, 386, 395, 398, 399, 400, 410, 412, 413, 416, 418, 419, 422, 423, 424, 425, 427, 428, 434, 445, 447, 448, 449, 450, 453], "summary": {"covered_lines": 83, "num_statements": 84, "percent_covered": 98.80952380952381, "percent_covered_display": "99", "missing_lines": 1, "excluded_lines": 0}, "missing_lines": [454], "excluded_lines": []}}}, "src/guide/model_manager.py": {"executed_lines": [1, 6, 8, 9, 10, 11, 12, 13, 14, 15, 17, 18, 19, 21, 24, 25, 27, 30, 31, 33, 36, 37, 39, 41, 44, 45, 48, 49, 50, 53, 54, 57, 58, 64, 65, 66, 68, 74, 75, 76, 77, 78, 79, 81, 83, 85, 86, 87, 88, 89, 91, 100, 102, 103, 104, 106, 108, 120, 121, 123, 125, 126, 129, 130, 132, 133, 136, 137, 140, 141, 143, 150, 151, 153, 166, 167, 170, 171, 172, 175, 178, 180, 181, 185, 194, 203, 205, 226, 227, 228, 230, 231, 233, 234, 236, 241, 243, 244, 247, 248, 250, 251, 253, 254, 255, 256, 257, 260, 261, 262, 276, 280, 283, 286, 289, 295, 297, 305, 307, 309, 311, 313, 315, 316, 317, 319, 321, 322, 323, 325, 334, 335, 336, 337, 344, 345, 348, 350, 357, 358, 359, 360, 363, 366, 369, 371, 380, 382, 383, 385, 386, 389, 390, 391, 393, 394, 400, 406, 407, 409, 410, 411, 412, 414], "summary": {"covered_lines": 160, "num_statements": 172, "percent_covered": 93.02325581395348, "percent_covered_display": "93", "missing_lines": 12, "excluded_lines": 0}, "missing_lines": [263, 264, 310, 340, 341, 346, 361, 364, 367, 396, 397, 398], "excluded_lines": [], "functions": {"ModelManager.__init__": {"executed_lines": [41, 44, 45, 48, 49, 50, 53, 54, 57, 58, 64, 65, 66], "summary": {"covered_lines": 13, "num_statements": 13, "percent_covered": 100.0, "percent_covered_display": "100", "missing_lines": 0, "excluded_lines": 0}, "missing_lines": [], "excluded_lines": []}, "ModelManager._load_metadata": {"executed_lines": [74, 75, 76, 77, 78, 79, 81], "summary": {"covered_lines": 7, "num_statements": 7, "percent_covered": 100.0, "percent_covered_display": "100", "missing_lines": 0, "excluded_lines": 0}, "missing_lines": [], "excluded_lines": []}, "ModelManager._save_metadata": {"executed_lines": [85, 86, 87, 88, 89], "summary": {"covered_lines": 5, "num_statements": 5, "percent_covered": 100.0, "percent_covered_display": "100", "missing_lines": 0, "excluded_lines": 0}, "missing_lines": [], "excluded_lines": []}, "ModelManager._calculate_file_hash": {"executed_lines": [100, 102, 103, 104, 106], "summary": {"covered_lines": 5, "num_statements": 5, "percent_covered": 100.0, "percent_covered_display": "100", "missing_lines": 0, "excluded_lines": 0}, "missing_lines": [], "excluded_lines": []}, "ModelManager._validate_gguf_header": {"executed_lines": [120, 121, 123, 125, 126, 129, 130, 132, 133, 136, 137, 140, 141, 143, 150, 151], "summary": {"covered_lines": 16, "num_statements": 16, "percent_covered": 100.0, "percent_covered_display": "100", "missing_lines": 0, "excluded_lines": 0}, "missing_lines": [], "excluded_lines": []}, "ModelManager.validate_model": {"executed_lines": [166, 167, 170, 171, 172, 175, 178, 180, 181, 185, 194, 203], "summary": {"covered_lines": 12, "num_statements": 12, "percent_covered": 100.0, "percent_covered_display": "100", "missing_lines": 0, "excluded_lines": 0}, "missing_lines": [], "excluded_lines": []}, "ModelManager.download_model": {"executed_lines": [226, 227, 228, 230, 231, 233, 234, 236, 241, 243, 244, 247, 248, 250, 251, 253, 254, 255, 256, 257, 260, 261, 262, 276, 280, 283, 286, 289, 295, 297, 305, 307, 309, 311, 313, 315, 316, 317, 319, 321, 322, 323], "summary": {"covered_lines": 42, "num_statements": 45, "percent_covered": 93.33333333333333, "percent_covered_display": "93", "missing_lines": 3, "excluded_lines": 0}, "missing_lines": [263, 264, 310], "excluded_lines": []}, "ModelManager.get_model_path": {"executed_lines": [334, 335, 336, 337, 344, 345, 348], "summary": {"covered_lines": 7, "num_statements": 10, "percent_covered": 70.0, "percent_covered_display": "70", "missing_lines": 3, "excluded_lines": 0}, "missing_lines": [340, 341, 346], "excluded_lines": []}, "ModelManager.list_models": {"executed_lines": [357, 358, 359, 360, 363, 366, 369], "summary": {"covered_lines": 7, "num_statements": 10, "percent_covered": 70.0, "percent_covered_display": "70", "missing_lines": 3, "excluded_lines": 0}, "missing_lines": [361, 364, 367], "excluded_lines": []}, "ModelManager.delete_model": {"executed_lines": [380, 382, 383, 385, 386, 389, 390, 391, 393, 394], "summary": {"covered_lines": 10, "num_statements": 13, "percent_covered": 76.92307692307692, "percent_covered_display": "77", "missing_lines": 3, "excluded_lines": 0}, "missing_lines": [396, 397, 398], "excluded_lines": []}, "ModelManager.get_storage_info": {"executed_lines": [406, 407, 409, 410, 411, 412, 414], "summary": {"covered_lines": 7, "num_statements": 7, "percent_covered": 100.0, "percent_covered_display": "100", "missing_lines": 0, "excluded_lines": 0}, "missing_lines": [], "excluded_lines": []}, "": {"executed_lines": [1, 6, 8, 9, 10, 11, 12, 13, 14, 15, 17, 18, 19, 21, 24, 25, 27, 30, 31, 33, 36, 37, 39, 68, 83, 91, 108, 153, 205, 325, 350, 371, 400], "summary": {"covered_lines": 29, "num_statements": 29, "percent_covered": 100.0, "percent_covered_display": "100", "missing_lines": 0, "excluded_lines": 0}, "missing_lines": [], "excluded_lines": []}}, "classes": {"ModelValidationError": {"executed_lines": [], "summary": {"covered_lines": 0, "num_statements": 0, "percent_covered": 100.0, "percent_covered_display": "100", "missing_lines": 0, "excluded_lines": 0}, "missing_lines": [], "excluded_lines": []}, "ModelDownloadError": {"executed_lines": [], "summary": {"covered_lines": 0, "num_statements": 0, "percent_covered": 100.0, "percent_covered_display": "100", "missing_lines": 0, "excluded_lines": 0}, "missing_lines": [], "excluded_lines": []}, "ModelManager": {"executed_lines": [41, 44, 45, 48, 49, 50, 53, 54, 57, 58, 64, 65, 66, 74, 75, 76, 77, 78, 79, 81, 85, 86, 87, 88, 89, 100, 102, 103, 104, 106, 120, 121, 123, 125, 126, 129, 130, 132, 133, 136, 137, 140, 141, 143, 150, 151, 166, 167, 170, 171, 172, 175, 178, 180, 181, 185, 194, 203, 226, 227, 228, 230, 231, 233, 234, 236, 241, 243, 244, 247, 248, 250, 251, 253, 254, 255, 256, 257, 260, 261, 262, 276, 280, 283, 286, 289, 295, 297, 305, 307, 309, 311, 313, 315, 316, 317, 319, 321, 322, 323, 334, 335, 336, 337, 344, 345, 348, 357, 358, 359, 360, 363, 366, 369, 380, 382, 383, 385, 386, 389, 390, 391, 393, 394, 406, 407, 409, 410, 411, 412, 414], "summary": {"covered_lines": 131, "num_statements": 143, "percent_covered": 91.60839160839161, "percent_covered_display": "92", "missing_lines": 12, "excluded_lines": 0}, "missing_lines": [263, 264, 310, 340, 341, 346, 361, 364, 367, 396, 397, 398], "excluded_lines": []}, "": {"executed_lines": [1, 6, 8, 9, 10, 11, 12, 13, 14, 15, 17, 18, 19, 21, 24, 25, 27, 30, 31, 33, 36, 37, 39, 68, 83, 91, 108, 153, 205, 325, 350, 371, 400], "summary": {"covered_lines": 29, "num_statements": 29, "percent_covered": 100.0, "percent_covered_display": "100", "missing_lines": 0, "excluded_lines": 0}, "missing_lines": [], "excluded_lines": []}}}, "src/guide/vector_store.py": {"executed_lines": [1, 6, 8, 9, 10, 11, 12, 13, 15, 16, 18, 21, 22, 23, 25, 26, 27, 28, 29, 31, 33, 35, 37, 38, 40, 42, 50, 51, 54, 55, 56, 57, 58, 60, 68, 69, 70, 72, 73, 74, 75, 76, 77, 78, 79, 80, 82, 84, 86, 88, 89, 91, 93, 105, 106, 109, 110, 111, 112, 113, 115, 126, 127, 130, 131, 134, 135, 137, 144, 145, 146, 147, 148, 150, 152, 155, 157, 159, 167, 170, 175, 177, 178, 179, 181, 190, 191, 193, 194, 195, 196, 198, 200, 201, 204, 211, 212, 213, 216, 219, 221, 222, 223, 225, 226, 229, 240, 241, 244, 245, 246, 247, 248, 249, 250, 252, 254, 264, 265, 267, 269, 271, 278, 279, 280, 281, 289, 290, 292, 293, 294, 296, 306, 307, 309, 311, 312, 314, 316, 317, 319, 321, 322, 323, 324, 326, 327, 329, 330, 331, 333, 339, 342, 344, 346, 347, 348, 349, 350, 351, 353, 354, 360, 362, 363, 365, 367, 369, 371, 372, 374, 375, 376, 377, 378, 379, 381, 383, 384, 386, 387, 388, 389, 390, 391, 393, 395, 398, 399, 401, 402, 405, 406, 408, 410, 413, 415, 416, 417, 420, 422, 424, 425, 428, 441, 442, 445, 446, 448, 450, 451, 453, 455, 456, 457, 466, 468, 477, 478], "summary": {"covered_lines": 215, "num_statements": 219, "percent_covered": 98.17351598173516, "percent_covered_display": "98", "missing_lines": 4, "excluded_lines": 0}, "missing_lines": [340, 356, 357, 358], "excluded_lines": [], "functions": {"Document.__post_init__": {"executed_lines": [33], "summary": {"covered_lines": 1, "num_statements": 1, "percent_covered": 100.0, "percent_covered_display": "100", "missing_lines": 0, "excluded_lines": 0}, "missing_lines": [], "excluded_lines": []}, "Document._calculate_hash": {"executed_lines": [37, 38], "summary": {"covered_lines": 2, "num_statements": 2, "percent_covered": 100.0, "percent_covered_display": "100", "missing_lines": 0, "excluded_lines": 0}, "missing_lines": [], "excluded_lines": []}, "Document.to_dict": {"executed_lines": [42], "summary": {"covered_lines": 1, "num_statements": 1, "percent_covered": 100.0, "percent_covered_display": "100", "missing_lines": 0, "excluded_lines": 0}, "missing_lines": [], "excluded_lines": []}, "Document.from_dict": {"executed_lines": [54, 55, 56, 57, 58, 60], "summary": {"covered_lines": 6, "num_statements": 6, "percent_covered": 100.0, "percent_covered_display": "100", "missing_lines": 0, "excluded_lines": 0}, "missing_lines": [], "excluded_lines": []}, "DocumentChunk.__post_init__": {"executed_lines": [84], "summary": {"covered_lines": 1, "num_statements": 1, "percent_covered": 100.0, "percent_covered_display": "100", "missing_lines": 0, "excluded_lines": 0}, "missing_lines": [], "excluded_lines": []}, "DocumentChunk._calculate_hash": {"executed_lines": [88, 89], "summary": {"covered_lines": 2, "num_statements": 2, "percent_covered": 100.0, "percent_covered_display": "100", "missing_lines": 0, "excluded_lines": 0}, "missing_lines": [], "excluded_lines": []}, "DocumentChunk.to_dict": {"executed_lines": [93], "summary": {"covered_lines": 1, "num_statements": 1, "percent_covered": 100.0, "percent_covered_display": "100", "missing_lines": 0, "excluded_lines": 0}, "missing_lines": [], "excluded_lines": []}, "DocumentChunk.from_dict": {"executed_lines": [109, 110, 111, 112, 113, 115], "summary": {"covered_lines": 6, "num_statements": 6, "percent_covered": 100.0, "percent_covered_display": "100", "missing_lines": 0, "excluded_lines": 0}, "missing_lines": [], "excluded_lines": []}, "DocumentChunk.create_chunk_id": {"executed_lines": [130, 131], "summary": {"covered_lines": 2, "num_statements": 2, "percent_covered": 100.0, "percent_covered_display": "100", "missing_lines": 0, "excluded_lines": 0}, "missing_lines": [], "excluded_lines": []}, "VectorStore.__init__": {"executed_lines": [144, 145, 146, 147, 148], "summary": {"covered_lines": 5, "num_statements": 5, "percent_covered": 100.0, "percent_covered_display": "100", "missing_lines": 0, "excluded_lines": 0}, "missing_lines": [], "excluded_lines": []}, "VectorStore._initialize_client": {"executed_lines": [152, 155, 157, 159, 167, 170, 175, 177, 178, 179], "summary": {"covered_lines": 10, "num_statements": 10, "percent_covered": 100.0, "percent_covered_display": "100", "missing_lines": 0, "excluded_lines": 0}, "missing_lines": [], "excluded_lines": []}, "VectorStore.add_documents": {"executed_lines": [190, 191, 193, 194, 195, 196, 198, 200, 201, 204, 211, 212, 213, 216, 219, 221, 222, 223, 225, 226, 229, 240, 241, 244, 245, 246, 247, 248, 249, 250, 252], "summary": {"covered_lines": 31, "num_statements": 31, "percent_covered": 100.0, "percent_covered_display": "100", "missing_lines": 0, "excluded_lines": 0}, "missing_lines": [], "excluded_lines": []}, "VectorStore.search": {"executed_lines": [264, 265, 267, 269, 271, 278, 279, 280, 281, 289, 290, 292, 293, 294], "summary": {"covered_lines": 14, "num_statements": 14, "percent_covered": 100.0, "percent_covered_display": "100", "missing_lines": 0, "excluded_lines": 0}, "missing_lines": [], "excluded_lines": []}, "VectorStore.delete_documents": {"executed_lines": [306, 307, 309, 311, 312, 314, 316, 317, 319, 321, 322, 323, 324, 326, 327, 329, 330, 331], "summary": {"covered_lines": 18, "num_statements": 18, "percent_covered": 100.0, "percent_covered_display": "100", "missing_lines": 0, "excluded_lines": 0}, "missing_lines": [], "excluded_lines": []}, "VectorStore.clear_all_documents": {"executed_lines": [339, 342, 344, 346, 347, 348, 349, 350, 351, 353, 354], "summary": {"covered_lines": 11, "num_statements": 15, "percent_covered": 73.33333333333333, "percent_covered_display": "73", "missing_lines": 4, "excluded_lines": 0}, "missing_lines": [340, 356, 357, 358], "excluded_lines": []}, "VectorStore._calculate_hash": {"executed_lines": [362, 363], "summary": {"covered_lines": 2, "num_statements": 2, "percent_covered": 100.0, "percent_covered_display": "100", "missing_lines": 0, "excluded_lines": 0}, "missing_lines": [], "excluded_lines": []}, "VectorStore._is_duplicate": {"executed_lines": [367], "summary": {"covered_lines": 1, "num_statements": 1, "percent_covered": 100.0, "percent_covered_display": "100", "missing_lines": 0, "excluded_lines": 0}, "missing_lines": [], "excluded_lines": []}, "VectorStore._is_document_duplicate": {"executed_lines": [371, 372, 374, 375, 376, 377, 378, 379], "summary": {"covered_lines": 8, "num_statements": 8, "percent_covered": 100.0, "percent_covered_display": "100", "missing_lines": 0, "excluded_lines": 0}, "missing_lines": [], "excluded_lines": []}, "VectorStore._is_chunk_duplicate": {"executed_lines": [383, 384, 386, 387, 388, 389, 390, 391], "summary": {"covered_lines": 8, "num_statements": 8, "percent_covered": 100.0, "percent_covered_display": "100", "missing_lines": 0, "excluded_lines": 0}, "missing_lines": [], "excluded_lines": []}, "VectorStore._chunk_document": {"executed_lines": [395, 398, 399, 401, 402, 405, 406, 408, 410, 413, 415, 416, 417, 420, 422, 424, 425, 428, 441, 442, 445, 446, 448, 450, 451], "summary": {"covered_lines": 25, "num_statements": 25, "percent_covered": 100.0, "percent_covered_display": "100", "missing_lines": 0, "excluded_lines": 0}, "missing_lines": [], "excluded_lines": []}, "VectorStore.health_check": {"executed_lines": [455, 456, 457, 466, 468, 477, 478], "summary": {"covered_lines": 7, "num_statements": 7, "percent_covered": 100.0, "percent_covered_display": "100", "missing_lines": 0, "excluded_lines": 0}, "missing_lines": [], "excluded_lines": []}, "": {"executed_lines": [1, 6, 8, 9, 10, 11, 12, 13, 15, 16, 18, 21, 22, 23, 25, 26, 27, 28, 29, 31, 35, 40, 50, 51, 68, 69, 70, 72, 73, 74, 75, 76, 77, 78, 79, 80, 82, 86, 91, 105, 106, 126, 127, 134, 135, 137, 150, 181, 254, 296, 333, 360, 365, 369, 381, 393, 453], "summary": {"covered_lines": 53, "num_statements": 53, "percent_covered": 100.0, "percent_covered_display": "100", "missing_lines": 0, "excluded_lines": 0}, "missing_lines": [], "excluded_lines": []}}, "classes": {"Document": {"executed_lines": [33, 37, 38, 42, 54, 55, 56, 57, 58, 60], "summary": {"covered_lines": 10, "num_statements": 10, "percent_covered": 100.0, "percent_covered_display": "100", "missing_lines": 0, "excluded_lines": 0}, "missing_lines": [], "excluded_lines": []}, "DocumentChunk": {"executed_lines": [84, 88, 89, 93, 109, 110, 111, 112, 113, 115, 130, 131], "summary": {"covered_lines": 12, "num_statements": 12, "percent_covered": 100.0, "percent_covered_display": "100", "missing_lines": 0, "excluded_lines": 0}, "missing_lines": [], "excluded_lines": []}, "VectorStore": {"executed_lines": [144, 145, 146, 147, 148, 152, 155, 157, 159, 167, 170, 175, 177, 178, 179, 190, 191, 193, 194, 195, 196, 198, 200, 201, 204, 211, 212, 213, 216, 219, 221, 222, 223, 225, 226, 229, 240, 241, 244, 245, 246, 247, 248, 249, 250, 252, 264, 265, 267, 269, 271, 278, 279, 280, 281, 289, 290, 292, 293, 294, 306, 307, 309, 311, 312, 314, 316, 317, 319, 321, 322, 323, 324, 326, 327, 329, 330, 331, 339, 342, 344, 346, 347, 348, 349, 350, 351, 353, 354, 362, 363, 367, 371, 372, 374, 375, 376, 377, 378, 379, 383, 384, 386, 387, 388, 389, 390, 391, 395, 398, 399, 401, 402, 405, 406, 408, 410, 413, 415, 416, 417, 420, 422, 424, 425, 428, 441, 442, 445, 446, 448, 450, 451, 455, 456, 457, 466, 468, 477, 478], "summary": {"covered_lines": 140, "num_statements": 144, "percent_covered": 97.22222222222223, "percent_covered_display": "97", "missing_lines": 4, "excluded_lines": 0}, "missing_lines": [340, 356, 357, 358], "excluded_lines": []}, "": {"executed_lines": [1, 6, 8, 9, 10, 11, 12, 13, 15, 16, 18, 21, 22, 23, 25, 26, 27, 28, 29, 31, 35, 40, 50, 51, 68, 69, 70, 72, 73, 74, 75, 76, 77, 78, 79, 80, 82, 86, 91, 105, 106, 126, 127, 134, 135, 137, 150, 181, 254, 296, 333, 360, 365, 369, 381, 393, 453], "summary": {"covered_lines": 53, "num_statements": 53, "percent_covered": 100.0, "percent_covered_display": "100", "missing_lines": 0, "excluded_lines": 0}, "missing_lines": [], "excluded_lines": []}}}, "src/guide/web_interface.py": {"executed_lines": [1, 6, 8, 9, 11, 12, 13, 14, 16, 17, 18, 20, 24, 25, 27, 28, 29, 30, 33, 34, 36, 39, 40, 42, 45, 46, 48, 51, 52, 54, 57, 58, 60, 64, 65, 67, 68, 69, 71, 72, 73, 75, 76, 77, 79, 80, 81, 83, 84, 85, 88, 89, 91, 92, 93, 94, 97, 98, 100, 102, 103, 104, 107, 108, 110, 111, 112, 113, 117, 119, 130, 140, 142, 152, 158, 160, 169, 179, 185, 186, 187, 189, 190, 191, 192, 194, 203, 213, 215, 226, 235, 239, 240, 241, 242, 243, 244, 247, 248, 249, 252, 255, 259, 262, 263, 266, 267, 268, 272, 274, 275, 278, 279, 282, 283, 285, 287, 288, 289, 292, 293, 296, 301, 302, 303, 311, 312, 315, 316, 320, 321, 322, 331, 332, 335, 340, 341, 345, 347, 349, 351, 354, 355, 356, 357, 358, 359, 360, 361, 363, 365, 368, 369, 370, 371, 372, 373, 374, 375, 379, 381, 383, 392, 395, 396, 399, 400, 402, 403, 405, 508, 509, 511, 512, 515, 516, 517, 524, 525, 526, 533, 536, 537, 539, 542, 543, 544, 546, 549, 551, 556, 557, 558, 560, 566, 567, 570, 571, 577, 578, 579, 580, 581, 582, 583, 585, 596, 597, 599, 608, 609, 612, 615, 617, 624, 625, 626, 627, 629, 630, 636, 637, 639, 640, 643, 646, 647, 649, 651, 652, 653, 654, 655, 656, 657, 659, 664, 668, 670, 672, 680, 682, 683, 684, 685, 694, 695, 697, 698, 700, 704, 705, 707, 708, 723, 724, 727, 728, 730, 731, 732, 734, 735, 736, 737, 739, 740, 742, 743, 749, 755, 756, 757, 759, 760, 762, 763, 765, 766, 768, 772, 773, 774, 775, 776, 778, 779, 781, 782, 784, 785, 790, 792, 797, 798, 799, 800, 801], "summary": {"covered_lines": 287, "num_statements": 315, "percent_covered": 91.11111111111111, "percent_covered_display": "91", "missing_lines": 28, "excluded_lines": 0}, "missing_lines": [273, 297, 307, 326, 377, 518, 519, 521, 527, 528, 530, 545, 547, 552, 553, 592, 593, 594, 600, 620, 621, 622, 632, 633, 634, 665, 701, 702], "excluded_lines": [], "functions": {"LocalRAGError.__init__": {"executed_lines": [28, 29, 30], "summary": {"covered_lines": 3, "num_statements": 3, "percent_covered": 100.0, "percent_covered_display": "100", "missing_lines": 0, "excluded_lines": 0}, "missing_lines": [], "excluded_lines": []}, "QueryRequest.validate_query": {"executed_lines": [75, 76, 77], "summary": {"covered_lines": 3, "num_statements": 3, "percent_covered": 100.0, "percent_covered_display": "100", "missing_lines": 0, "excluded_lines": 0}, "missing_lines": [], "excluded_lines": []}, "QueryRequest.validate_max_results": {"executed_lines": [83, 84, 85], "summary": {"covered_lines": 3, "num_statements": 3, "percent_covered": 100.0, "percent_covered_display": "100", "missing_lines": 0, "excluded_lines": 0}, "missing_lines": [], "excluded_lines": []}, "handle_local_rag_exception": {"executed_lines": [119, 130], "summary": {"covered_lines": 2, "num_statements": 2, "percent_covered": 100.0, "percent_covered_display": "100", "missing_lines": 0, "excluded_lines": 0}, "missing_lines": [], "excluded_lines": []}, "handle_http_exception": {"executed_lines": [142, 152], "summary": {"covered_lines": 2, "num_statements": 2, "percent_covered": 100.0, "percent_covered_display": "100", "missing_lines": 0, "excluded_lines": 0}, "missing_lines": [], "excluded_lines": []}, "handle_validation_error": {"executed_lines": [160, 169], "summary": {"covered_lines": 2, "num_statements": 2, "percent_covered": 100.0, "percent_covered_display": "100", "missing_lines": 0, "excluded_lines": 0}, "missing_lines": [], "excluded_lines": []}, "handle_request_validation_error": {"executed_lines": [185, 186, 187, 189, 190, 191, 192, 194, 203], "summary": {"covered_lines": 9, "num_statements": 9, "percent_covered": 100.0, "percent_covered_display": "100", "missing_lines": 0, "excluded_lines": 0}, "missing_lines": [], "excluded_lines": []}, "handle_general_exception": {"executed_lines": [215, 226], "summary": {"covered_lines": 2, "num_statements": 2, "percent_covered": 100.0, "percent_covered_display": "100", "missing_lines": 0, "excluded_lines": 0}, "missing_lines": [], "excluded_lines": []}, "setup_error_handlers": {"executed_lines": [239, 240, 241, 242, 243, 244, 247, 248, 249, 252], "summary": {"covered_lines": 10, "num_statements": 10, "percent_covered": 100.0, "percent_covered_display": "100", "missing_lines": 0, "excluded_lines": 0}, "missing_lines": [], "excluded_lines": []}, "setup_routes": {"executed_lines": [259, 262, 263, 266, 267, 268, 272, 274, 275, 278, 279, 282, 283, 285, 287, 288, 289, 292, 293, 296, 301, 302, 303, 311, 312, 315, 316, 320, 321, 322, 331, 332, 335, 340, 341, 345, 347, 349, 351, 354, 355, 356, 357, 358, 359, 360, 361, 363, 365, 368, 369, 370, 371, 372, 373, 374, 375, 379, 381, 383, 392, 395, 396, 399, 400, 402, 403, 508, 509, 596, 597, 636, 637, 694, 695, 704, 705, 727, 728, 739, 740, 759, 760, 778, 779], "summary": {"covered_lines": 85, "num_statements": 90, "percent_covered": 94.44444444444444, "percent_covered_display": "94", "missing_lines": 5, "excluded_lines": 0}, "missing_lines": [273, 297, 307, 326, 377], "excluded_lines": []}, "setup_routes.index": {"executed_lines": [405], "summary": {"covered_lines": 1, "num_statements": 1, "percent_covered": 100.0, "percent_covered_display": "100", "missing_lines": 0, "excluded_lines": 0}, "missing_lines": [], "excluded_lines": []}, "setup_routes.health_check": {"executed_lines": [511, 512, 515, 516, 517, 524, 525, 526, 533, 536, 537, 539, 542, 543, 544, 546, 549, 551, 556, 557, 558, 560, 566, 567, 570, 571, 577, 578, 579, 580, 581, 582, 583, 585], "summary": {"covered_lines": 34, "num_statements": 47, "percent_covered": 72.34042553191489, "percent_covered_display": "72", "missing_lines": 13, "excluded_lines": 0}, "missing_lines": [518, 519, 521, 527, 528, 530, 545, 547, 552, 553, 592, 593, 594], "excluded_lines": []}, "setup_routes.query": {"executed_lines": [599, 608, 609, 612, 615, 617, 624, 625, 626, 627, 629, 630], "summary": {"covered_lines": 12, "num_statements": 19, "percent_covered": 63.1578947368421, "percent_covered_display": "63", "missing_lines": 7, "excluded_lines": 0}, "missing_lines": [600, 620, 621, 622, 632, 633, 634], "excluded_lines": []}, "setup_routes.import_content": {"executed_lines": [639, 640, 643, 646, 647, 649, 651, 652, 653, 654, 655, 656, 657, 659, 664, 668, 670, 672, 680, 682, 683, 684, 685], "summary": {"covered_lines": 23, "num_statements": 24, "percent_covered": 95.83333333333333, "percent_covered_display": "96", "missing_lines": 1, "excluded_lines": 0}, "missing_lines": [665], "excluded_lines": []}, "setup_routes.reset_database": {"executed_lines": [697, 698, 700], "summary": {"covered_lines": 3, "num_statements": 5, "percent_covered": 60.0, "percent_covered_display": "60", "missing_lines": 2, "excluded_lines": 0}, "missing_lines": [701, 702], "excluded_lines": []}, "setup_routes.system_status": {"executed_lines": [707, 708, 723, 724], "summary": {"covered_lines": 4, "num_statements": 4, "percent_covered": 100.0, "percent_covered_display": "100", "missing_lines": 0, "excluded_lines": 0}, "missing_lines": [], "excluded_lines": []}, "setup_routes.list_models": {"executed_lines": [730, 731, 732, 734, 735, 736, 737], "summary": {"covered_lines": 7, "num_statements": 7, "percent_covered": 100.0, "percent_covered_display": "100", "missing_lines": 0, "excluded_lines": 0}, "missing_lines": [], "excluded_lines": []}, "setup_routes.download_model": {"executed_lines": [742, 743, 749, 755, 756, 757], "summary": {"covered_lines": 6, "num_statements": 6, "percent_covered": 100.0, "percent_covered_display": "100", "missing_lines": 0, "excluded_lines": 0}, "missing_lines": [], "excluded_lines": []}, "setup_routes.delete_model": {"executed_lines": [762, 763, 765, 766, 768, 772, 773, 774, 775, 776], "summary": {"covered_lines": 10, "num_statements": 10, "percent_covered": 100.0, "percent_covered_display": "100", "missing_lines": 0, "excluded_lines": 0}, "missing_lines": [], "excluded_lines": []}, "setup_routes.validate_model": {"executed_lines": [781, 782, 784, 785, 790, 792, 797, 798, 799, 800, 801], "summary": {"covered_lines": 11, "num_statements": 11, "percent_covered": 100.0, "percent_covered_display": "100", "missing_lines": 0, "excluded_lines": 0}, "missing_lines": [], "excluded_lines": []}, "": {"executed_lines": [1, 6, 8, 9, 11, 12, 13, 14, 16, 17, 18, 20, 24, 25, 27, 33, 34, 36, 39, 40, 42, 45, 46, 48, 51, 52, 54, 57, 58, 60, 64, 65, 67, 68, 69, 71, 72, 73, 79, 80, 81, 88, 89, 91, 92, 93, 94, 97, 98, 100, 102, 103, 104, 107, 108, 110, 111, 112, 113, 117, 140, 158, 179, 213, 235, 255], "summary": {"covered_lines": 55, "num_statements": 55, "percent_covered": 100.0, "percent_covered_display": "100", "missing_lines": 0, "excluded_lines": 0}, "missing_lines": [], "excluded_lines": []}}, "classes": {"LocalRAGError": {"executed_lines": [28, 29, 30], "summary": {"covered_lines": 3, "num_statements": 3, "percent_covered": 100.0, "percent_covered_display": "100", "missing_lines": 0, "excluded_lines": 0}, "missing_lines": [], "excluded_lines": []}, "VectorStoreError": {"executed_lines": [], "summary": {"covered_lines": 0, "num_statements": 0, "percent_covered": 100.0, "percent_covered_display": "100", "missing_lines": 0, "excluded_lines": 0}, "missing_lines": [], "excluded_lines": []}, "ConfigurationError": {"executed_lines": [], "summary": {"covered_lines": 0, "num_statements": 0, "percent_covered": 100.0, "percent_covered_display": "100", "missing_lines": 0, "excluded_lines": 0}, "missing_lines": [], "excluded_lines": []}, "LLMError": {"executed_lines": [], "summary": {"covered_lines": 0, "num_statements": 0, "percent_covered": 100.0, "percent_covered_display": "100", "missing_lines": 0, "excluded_lines": 0}, "missing_lines": [], "excluded_lines": []}, "ContentProcessingError": {"executed_lines": [], "summary": {"covered_lines": 0, "num_statements": 0, "percent_covered": 100.0, "percent_covered_display": "100", "missing_lines": 0, "excluded_lines": 0}, "missing_lines": [], "excluded_lines": []}, "ResourceLimitError": {"executed_lines": [], "summary": {"covered_lines": 0, "num_statements": 0, "percent_covered": 100.0, "percent_covered_display": "100", "missing_lines": 0, "excluded_lines": 0}, "missing_lines": [], "excluded_lines": []}, "QueryRequest": {"executed_lines": [75, 76, 77, 83, 84, 85], "summary": {"covered_lines": 6, "num_statements": 6, "percent_covered": 100.0, "percent_covered_display": "100", "missing_lines": 0, "excluded_lines": 0}, "missing_lines": [], "excluded_lines": []}, "ImportRequest": {"executed_lines": [], "summary": {"covered_lines": 0, "num_statements": 0, "percent_covered": 100.0, "percent_covered_display": "100", "missing_lines": 0, "excluded_lines": 0}, "missing_lines": [], "excluded_lines": []}, "DownloadModelRequest": {"executed_lines": [], "summary": {"covered_lines": 0, "num_statements": 0, "percent_covered": 100.0, "percent_covered_display": "100", "missing_lines": 0, "excluded_lines": 0}, "missing_lines": [], "excluded_lines": []}, "ErrorResponse": {"executed_lines": [], "summary": {"covered_lines": 0, "num_statements": 0, "percent_covered": 100.0, "percent_covered_display": "100", "missing_lines": 0, "excluded_lines": 0}, "missing_lines": [], "excluded_lines": []}, "": {"executed_lines": [1, 6, 8, 9, 11, 12, 13, 14, 16, 17, 18, 20, 24, 25, 27, 33, 34, 36, 39, 40, 42, 45, 46, 48, 51, 52, 54, 57, 58, 60, 64, 65, 67, 68, 69, 71, 72, 73, 79, 80, 81, 88, 89, 91, 92, 93, 94, 97, 98, 100, 102, 103, 104, 107, 108, 110, 111, 112, 113, 117, 119, 130, 140, 142, 152, 158, 160, 169, 179, 185, 186, 187, 189, 190, 191, 192, 194, 203, 213, 215, 226, 235, 239, 240, 241, 242, 243, 244, 247, 248, 249, 252, 255, 259, 262, 263, 266, 267, 268, 272, 274, 275, 278, 279, 282, 283, 285, 287, 288, 289, 292, 293, 296, 301, 302, 303, 311, 312, 315, 316, 320, 321, 322, 331, 332, 335, 340, 341, 345, 347, 349, 351, 354, 355, 356, 357, 358, 359, 360, 361, 363, 365, 368, 369, 370, 371, 372, 373, 374, 375, 379, 381, 383, 392, 395, 396, 399, 400, 402, 403, 405, 508, 509, 511, 512, 515, 516, 517, 524, 525, 526, 533, 536, 537, 539, 542, 543, 544, 546, 549, 551, 556, 557, 558, 560, 566, 567, 570, 571, 577, 578, 579, 580, 581, 582, 583, 585, 596, 597, 599, 608, 609, 612, 615, 617, 624, 625, 626, 627, 629, 630, 636, 637, 639, 640, 643, 646, 647, 649, 651, 652, 653, 654, 655, 656, 657, 659, 664, 668, 670, 672, 680, 682, 683, 684, 685, 694, 695, 697, 698, 700, 704, 705, 707, 708, 723, 724, 727, 728, 730, 731, 732, 734, 735, 736, 737, 739, 740, 742, 743, 749, 755, 756, 757, 759, 760, 762, 763, 765, 766, 768, 772, 773, 774, 775, 776, 778, 779, 781, 782, 784, 785, 790, 792, 797, 798, 799, 800, 801], "summary": {"covered_lines": 278, "num_statements": 306, "percent_covered": 90.84967320261438, "percent_covered_display": "91", "missing_lines": 28, "excluded_lines": 0}, "missing_lines": [273, 297, 307, 326, 377, 518, 519, 521, 527, 528, 530, 545, 547, 552, 553, 592, 593, 594, 600, 620, 621, 622, 632, 633, 634, 665, 701, 702], "excluded_lines": []}}}}, "totals": {"covered_lines": 1355, "num_statements": 1485, "percent_covered": 91.24579124579125, "percent_covered_display": "91", "missing_lines": 130, "excluded_lines": 0}}