{"meta": {"format": 3, "version": "7.11.0", "timestamp": "2025-10-31T22:25:32.113761", "branch_coverage": false, "show_contexts": false}, "files": {"src/guide/__init__.py": {"executed_lines": [1, 8, 9, 10, 11, 13, 15, 16, 17, 19, 22, 23, 25, 31, 32, 33, 35, 37, 38, 41, 48, 49, 50, 51, 52, 53, 54, 57, 58, 59, 61, 63, 64, 65, 66, 67, 69, 70, 73, 75, 76, 77, 78, 80, 82, 106, 108, 110, 111, 112, 113, 115, 116, 118, 128, 129, 131, 132, 133, 134, 135, 136, 138, 145, 146, 149, 150, 151, 152, 155, 157, 163, 165, 167, 169, 170, 172, 174, 175, 176, 178, 184, 187, 188, 189, 192, 193, 194, 197, 198, 199, 202, 203, 204, 206, 208, 209, 211, 215, 218, 219, 220, 221, 222, 224], "summary": {"covered_lines": 103, "num_statements": 103, "percent_covered": 100.0, "percent_covered_display": "100", "missing_lines": 0, "excluded_lines": 0}, "missing_lines": [], "excluded_lines": [], "functions": {"Config.__init__": {"executed_lines": [31, 32, 33], "summary": {"covered_lines": 3, "num_statements": 3, "percent_covered": 100.0, "percent_covered_display": "100", "missing_lines": 0, "excluded_lines": 0}, "missing_lines": [], "excluded_lines": []}, "Config._find_config_path": {"executed_lines": [37, 38, 41, 48, 49, 50, 51, 52, 53, 54, 57, 58, 59], "summary": {"covered_lines": 13, "num_statements": 13, "percent_covered": 100.0, "percent_covered_display": "100", "missing_lines": 0, "excluded_lines": 0}, "missing_lines": [], "excluded_lines": []}, "Config._load_config": {"executed_lines": [63, 64, 65, 66, 67, 69, 70, 73, 75, 76, 77, 78], "summary": {"covered_lines": 12, "num_statements": 12, "percent_covered": 100.0, "percent_covered_display": "100", "missing_lines": 0, "excluded_lines": 0}, "missing_lines": [], "excluded_lines": []}, "Config._apply_defaults": {"executed_lines": [82, 106], "summary": {"covered_lines": 2, "num_statements": 2, "percent_covered": 100.0, "percent_covered_display": "100", "missing_lines": 0, "excluded_lines": 0}, "missing_lines": [], "excluded_lines": []}, "Config._deep_merge": {"executed_lines": [110, 111, 112, 113, 115, 116], "summary": {"covered_lines": 6, "num_statements": 6, "percent_covered": 100.0, "percent_covered_display": "100", "missing_lines": 0, "excluded_lines": 0}, "missing_lines": [], "excluded_lines": []}, "Config.get": {"executed_lines": [128, 129, 131, 132, 133, 134, 135, 136], "summary": {"covered_lines": 8, "num_statements": 8, "percent_covered": 100.0, "percent_covered_display": "100", "missing_lines": 0, "excluded_lines": 0}, "missing_lines": [], "excluded_lines": []}, "Config.set": {"executed_lines": [145, 146, 149, 150, 151, 152, 155], "summary": {"covered_lines": 7, "num_statements": 7, "percent_covered": 100.0, "percent_covered_display": "100", "missing_lines": 0, "excluded_lines": 0}, "missing_lines": [], "excluded_lines": []}, "Config.save": {"executed_lines": [163, 165, 167, 169, 170, 172, 174, 175, 176], "summary": {"covered_lines": 9, "num_statements": 9, "percent_covered": 100.0, "percent_covered_display": "100", "missing_lines": 0, "excluded_lines": 0}, "missing_lines": [], "excluded_lines": []}, "Config.validate": {"executed_lines": [184, 187, 188, 189, 192, 193, 194, 197, 198, 199, 202, 203, 204, 206], "summary": {"covered_lines": 14, "num_statements": 14, "percent_covered": 100.0, "percent_covered_display": "100", "missing_lines": 0, "excluded_lines": 0}, "missing_lines": [], "excluded_lines": []}, "Config.data": {"executed_lines": [211], "summary": {"covered_lines": 1, "num_statements": 1, "percent_covered": 100.0, "percent_covered_display": "100", "missing_lines": 0, "excluded_lines": 0}, "missing_lines": [], "excluded_lines": []}, "": {"executed_lines": [1, 8, 9, 10, 11, 13, 15, 16, 17, 19, 22, 23, 25, 35, 61, 80, 108, 118, 138, 157, 178, 208, 209, 215, 218, 219, 220, 221, 222, 224], "summary": {"covered_lines": 28, "num_statements": 28, "percent_covered": 100.0, "percent_covered_display": "100", "missing_lines": 0, "excluded_lines": 0}, "missing_lines": [], "excluded_lines": []}}, "classes": {"Config": {"executed_lines": [31, 32, 33, 37, 38, 41, 48, 49, 50, 51, 52, 53, 54, 57, 58, 59, 63, 64, 65, 66, 67, 69, 70, 73, 75, 76, 77, 78, 82, 106, 110, 111, 112, 113, 115, 116, 128, 129, 131, 132, 133, 134, 135, 136, 145, 146, 149, 150, 151, 152, 155, 163, 165, 167, 169, 170, 172, 174, 175, 176, 184, 187, 188, 189, 192, 193, 194, 197, 198, 199, 202, 203, 204, 206, 211], "summary": {"covered_lines": 75, "num_statements": 75, "percent_covered": 100.0, "percent_covered_display": "100", "missing_lines": 0, "excluded_lines": 0}, "missing_lines": [], "excluded_lines": []}, "": {"executed_lines": [1, 8, 9, 10, 11, 13, 15, 16, 17, 19, 22, 23, 25, 35, 61, 80, 108, 118, 138, 157, 178, 208, 209, 215, 218, 219, 220, 221, 222, 224], "summary": {"covered_lines": 28, "num_statements": 28, "percent_covered": 100.0, "percent_covered_display": "100", "missing_lines": 0, "excluded_lines": 0}, "missing_lines": [], "excluded_lines": []}}}, "src/guide/cli.py": {"executed_lines": [1, 6, 8, 9, 11, 12, 13, 15, 17, 20, 21, 23, 25, 26, 28, 30, 31, 32, 33, 36, 37, 45, 46, 47, 50, 53, 54, 55, 56, 57, 58, 60, 61, 64, 65, 66, 67, 68, 69, 70, 71, 75, 77, 78, 79, 80, 82, 83, 85, 87, 88, 91, 94, 96, 99, 100, 101, 102, 103, 105, 106, 107, 108, 109, 111, 112, 113, 114, 115, 116, 117, 118, 120, 123, 124, 125, 126, 127, 129, 131, 133, 134, 137, 138, 140, 141, 142, 144, 145, 146, 147, 148, 149, 150, 151, 152, 153, 154, 156, 158, 160, 161, 162, 163, 165, 166, 168, 169, 170, 175, 177, 179, 180, 181, 182, 184, 185, 188, 189, 190, 191, 192, 193, 194, 195, 197, 200, 201, 202, 205, 207, 208, 210, 213, 214, 219, 220, 221, 226, 229, 230, 232, 234, 235, 236, 238, 240, 241, 242, 243, 244, 245, 246, 247, 248, 249, 250, 251, 252, 255], "summary": {"covered_lines": 158, "num_statements": 166, "percent_covered": 95.18072289156626, "percent_covered_display": "95", "missing_lines": 8, "excluded_lines": 0}, "missing_lines": [73, 89, 171, 172, 173, 198, 199, 256], "excluded_lines": [], "functions": {"LocalRAGCLI.__init__": {"executed_lines": [25, 26], "summary": {"covered_lines": 2, "num_statements": 2, "percent_covered": 100.0, "percent_covered_display": "100", "missing_lines": 0, "excluded_lines": 0}, "missing_lines": [], "excluded_lines": []}, "LocalRAGCLI.status": {"executed_lines": [30, 31, 32, 33, 36, 37, 45, 46, 47, 50, 53, 54, 55, 56, 57, 58, 60, 61, 64, 65, 66, 67, 68, 69, 70, 71, 75, 77, 78, 79, 80, 82, 83, 85, 87, 88, 91, 94, 96, 99, 100, 101, 102, 103, 105, 106, 107, 108, 109, 111, 112, 113, 114, 115, 116, 117, 118], "summary": {"covered_lines": 57, "num_statements": 59, "percent_covered": 96.61016949152543, "percent_covered_display": "97", "missing_lines": 2, "excluded_lines": 0}, "missing_lines": [73, 89], "excluded_lines": []}, "LocalRAGCLI.import_content": {"executed_lines": [123, 124, 125, 126, 127, 129, 131, 133, 134, 137, 138, 140, 141, 142, 144, 145, 146, 147, 148, 149, 150, 151, 152, 153, 154], "summary": {"covered_lines": 25, "num_statements": 25, "percent_covered": 100.0, "percent_covered_display": "100", "missing_lines": 0, "excluded_lines": 0}, "missing_lines": [], "excluded_lines": []}, "LocalRAGCLI.reset_database": {"executed_lines": [158, 160, 161, 162, 163, 165, 166, 168, 169, 170], "summary": {"covered_lines": 10, "num_statements": 13, "percent_covered": 76.92307692307692, "percent_covered_display": "77", "missing_lines": 3, "excluded_lines": 0}, "missing_lines": [171, 172, 173], "excluded_lines": []}, "LocalRAGCLI.query": {"executed_lines": [177, 179, 180, 181, 182, 184, 185, 188, 189, 190, 191, 192, 193, 194, 195, 197, 200, 201, 202], "summary": {"covered_lines": 19, "num_statements": 21, "percent_covered": 90.47619047619048, "percent_covered_display": "90", "missing_lines": 2, "excluded_lines": 0}, "missing_lines": [198, 199], "excluded_lines": []}, "main": {"executed_lines": [207, 208, 210, 213, 214, 219, 220, 221, 226, 229, 230, 232, 234, 235, 236, 238, 240, 241, 242, 243, 244, 245, 246, 247, 248, 249, 250, 251, 252], "summary": {"covered_lines": 29, "num_statements": 29, "percent_covered": 100.0, "percent_covered_display": "100", "missing_lines": 0, "excluded_lines": 0}, "missing_lines": [], "excluded_lines": []}, "": {"executed_lines": [1, 6, 8, 9, 11, 12, 13, 15, 17, 20, 21, 23, 28, 120, 156, 175, 205, 255], "summary": {"covered_lines": 16, "num_statements": 17, "percent_covered": 94.11764705882354, "percent_covered_display": "94", "missing_lines": 1, "excluded_lines": 0}, "missing_lines": [256], "excluded_lines": []}}, "classes": {"LocalRAGCLI": {"executed_lines": [25, 26, 30, 31, 32, 33, 36, 37, 45, 46, 47, 50, 53, 54, 55, 56, 57, 58, 60, 61, 64, 65, 66, 67, 68, 69, 70, 71, 75, 77, 78, 79, 80, 82, 83, 85, 87, 88, 91, 94, 96, 99, 100, 101, 102, 103, 105, 106, 107, 108, 109, 111, 112, 113, 114, 115, 116, 117, 118, 123, 124, 125, 126, 127, 129, 131, 133, 134, 137, 138, 140, 141, 142, 144, 145, 146, 147, 148, 149, 150, 151, 152, 153, 154, 158, 160, 161, 162, 163, 165, 166, 168, 169, 170, 177, 179, 180, 181, 182, 184, 185, 188, 189, 190, 191, 192, 193, 194, 195, 197, 200, 201, 202], "summary": {"covered_lines": 113, "num_statements": 120, "percent_covered": 94.16666666666667, "percent_covered_display": "94", "missing_lines": 7, "excluded_lines": 0}, "missing_lines": [73, 89, 171, 172, 173, 198, 199], "excluded_lines": []}, "": {"executed_lines": [1, 6, 8, 9, 11, 12, 13, 15, 17, 20, 21, 23, 28, 120, 156, 175, 205, 207, 208, 210, 213, 214, 219, 220, 221, 226, 229, 230, 232, 234, 235, 236, 238, 240, 241, 242, 243, 244, 245, 246, 247, 248, 249, 250, 251, 252, 255], "summary": {"covered_lines": 45, "num_statements": 46, "percent_covered": 97.82608695652173, "percent_covered_display": "98", "missing_lines": 1, "excluded_lines": 0}, "missing_lines": [256], "excluded_lines": []}}}, "src/guide/content_manager.py": {"executed_lines": [1, 6, 8, 9, 10, 11, 12, 14, 17, 18, 20, 27, 28, 30, 43, 45, 46, 47, 49, 50, 51, 52, 54, 55, 56, 60, 62, 63, 65, 66, 67, 69, 83, 84, 86, 87, 88, 90, 91, 93, 94, 95, 96, 98, 99, 101, 111, 114, 115, 122, 123, 124, 125, 129, 131, 133, 135, 136, 138, 140, 143, 145, 147, 150, 151, 154, 155, 156, 158, 165, 168, 169, 171, 172, 173, 174, 175, 177, 178, 181, 182, 184], "summary": {"covered_lines": 80, "num_statements": 80, "percent_covered": 100.0, "percent_covered_display": "100", "missing_lines": 0, "excluded_lines": 0}, "missing_lines": [], "excluded_lines": [], "functions": {"ContentManager.__init__": {"executed_lines": [27, 28], "summary": {"covered_lines": 2, "num_statements": 2, "percent_covered": 100.0, "percent_covered_display": "100", "missing_lines": 0, "excluded_lines": 0}, "missing_lines": [], "excluded_lines": []}, "ContentManager.ingest_file": {"executed_lines": [43, 45, 46, 47, 49, 50, 51, 52, 54, 55, 56, 60, 62, 63, 65, 66, 67], "summary": {"covered_lines": 17, "num_statements": 17, "percent_covered": 100.0, "percent_covered_display": "100", "missing_lines": 0, "excluded_lines": 0}, "missing_lines": [], "excluded_lines": []}, "ContentManager.ingest_directory": {"executed_lines": [83, 84, 86, 87, 88, 90, 91, 93, 94, 95, 96, 98, 99], "summary": {"covered_lines": 13, "num_statements": 13, "percent_covered": 100.0, "percent_covered_display": "100", "missing_lines": 0, "excluded_lines": 0}, "missing_lines": [], "excluded_lines": []}, "ContentManager.ingest_url": {"executed_lines": [111, 114, 115, 122, 123, 124, 125, 129, 131], "summary": {"covered_lines": 9, "num_statements": 9, "percent_covered": 100.0, "percent_covered_display": "100", "missing_lines": 0, "excluded_lines": 0}, "missing_lines": [], "excluded_lines": []}, "ContentManager._read_file": {"executed_lines": [135, 136, 138], "summary": {"covered_lines": 3, "num_statements": 3, "percent_covered": 100.0, "percent_covered_display": "100", "missing_lines": 0, "excluded_lines": 0}, "missing_lines": [], "excluded_lines": []}, "ContentManager._extract_html_text": {"executed_lines": [143, 145], "summary": {"covered_lines": 2, "num_statements": 2, "percent_covered": 100.0, "percent_covered_display": "100", "missing_lines": 0, "excluded_lines": 0}, "missing_lines": [], "excluded_lines": []}, "ContentManager._extract_metadata": {"executed_lines": [150, 151, 154, 155, 156, 158], "summary": {"covered_lines": 6, "num_statements": 6, "percent_covered": 100.0, "percent_covered_display": "100", "missing_lines": 0, "excluded_lines": 0}, "missing_lines": [], "excluded_lines": []}, "ContentManager._chunk_content": {"executed_lines": [168, 169, 171, 172, 173, 174, 175, 177, 178, 181, 182, 184], "summary": {"covered_lines": 12, "num_statements": 12, "percent_covered": 100.0, "percent_covered_display": "100", "missing_lines": 0, "excluded_lines": 0}, "missing_lines": [], "excluded_lines": []}, "": {"executed_lines": [1, 6, 8, 9, 10, 11, 12, 14, 17, 18, 20, 30, 69, 101, 133, 140, 147, 165], "summary": {"covered_lines": 16, "num_statements": 16, "percent_covered": 100.0, "percent_covered_display": "100", "missing_lines": 0, "excluded_lines": 0}, "missing_lines": [], "excluded_lines": []}}, "classes": {"ContentManager": {"executed_lines": [27, 28, 43, 45, 46, 47, 49, 50, 51, 52, 54, 55, 56, 60, 62, 63, 65, 66, 67, 83, 84, 86, 87, 88, 90, 91, 93, 94, 95, 96, 98, 99, 111, 114, 115, 122, 123, 124, 125, 129, 131, 135, 136, 138, 143, 145, 150, 151, 154, 155, 156, 158, 168, 169, 171, 172, 173, 174, 175, 177, 178, 181, 182, 184], "summary": {"covered_lines": 64, "num_statements": 64, "percent_covered": 100.0, "percent_covered_display": "100", "missing_lines": 0, "excluded_lines": 0}, "missing_lines": [], "excluded_lines": []}, "": {"executed_lines": [1, 6, 8, 9, 10, 11, 12, 14, 17, 18, 20, 30, 69, 101, 133, 140, 147, 165], "summary": {"covered_lines": 16, "num_statements": 16, "percent_covered": 100.0, "percent_covered_display": "100", "missing_lines": 0, "excluded_lines": 0}, "missing_lines": [], "excluded_lines": []}}}, "src/guide/llm_interface.py": {"executed_lines": [1, 6, 8, 9, 10, 11, 12, 14, 17, 18, 19, 21, 22, 23, 24, 25, 26, 27, 28, 29, 30, 31, 32, 33, 35, 37, 53, 54, 57, 58, 59, 60, 61, 63, 64, 65, 67, 83, 85, 86, 87, 89, 91, 100, 102, 104, 105, 107, 108, 111, 112, 113, 115, 118, 119, 121, 128, 129, 130, 137, 139, 141, 142, 145, 148, 151, 152, 154, 155, 158, 160, 162, 163, 164, 165, 166, 167, 169, 180, 181, 183, 185, 188, 190, 199, 202, 205, 206, 207, 208, 209, 210, 211, 216, 217, 218, 220, 231, 232, 233, 234, 235, 236, 238, 247, 249, 251, 253, 256, 264, 267, 269, 270, 272, 273, 274, 275, 276, 277, 279, 281, 283, 291, 300, 309, 310, 311, 312, 313, 314, 317, 319, 332, 334, 337, 338, 340, 341, 344, 345, 349, 350, 351, 354, 355, 356, 357, 360, 364, 366, 367, 368, 376, 378, 387, 388], "summary": {"covered_lines": 153, "num_statements": 155, "percent_covered": 98.70967741935483, "percent_covered_display": "99", "missing_lines": 2, "excluded_lines": 0}, "missing_lines": [214, 362], "excluded_lines": [], "functions": {"Query.to_dict": {"executed_lines": [37], "summary": {"covered_lines": 1, "num_statements": 1, "percent_covered": 100.0, "percent_covered_display": "100", "missing_lines": 0, "excluded_lines": 0}, "missing_lines": [], "excluded_lines": []}, "Query.from_dict": {"executed_lines": [57, 58, 59, 60, 61, 63, 64, 65, 67], "summary": {"covered_lines": 9, "num_statements": 9, "percent_covered": 100.0, "percent_covered_display": "100", "missing_lines": 0, "excluded_lines": 0}, "missing_lines": [], "excluded_lines": []}, "Query.mark_processed": {"executed_lines": [85, 86, 87], "summary": {"covered_lines": 3, "num_statements": 3, "percent_covered": 100.0, "percent_covered_display": "100", "missing_lines": 0, "excluded_lines": 0}, "missing_lines": [], "excluded_lines": []}, "Query.add_context_document": {"executed_lines": [91], "summary": {"covered_lines": 1, "num_statements": 1, "percent_covered": 100.0, "percent_covered_display": "100", "missing_lines": 0, "excluded_lines": 0}, "missing_lines": [], "excluded_lines": []}, "Query.get_context_text": {"executed_lines": [102], "summary": {"covered_lines": 1, "num_statements": 1, "percent_covered": 100.0, "percent_covered_display": "100", "missing_lines": 0, "excluded_lines": 0}, "missing_lines": [], "excluded_lines": []}, "Query.create_query_id": {"executed_lines": [107, 108, 111, 112, 113, 115], "summary": {"covered_lines": 6, "num_statements": 6, "percent_covered": 100.0, "percent_covered_display": "100", "missing_lines": 0, "excluded_lines": 0}, "missing_lines": [], "excluded_lines": []}, "LLMInterface.__init__": {"executed_lines": [128, 129, 130, 137], "summary": {"covered_lines": 4, "num_statements": 4, "percent_covered": 100.0, "percent_covered_display": "100", "missing_lines": 0, "excluded_lines": 0}, "missing_lines": [], "excluded_lines": []}, "LLMInterface._load_model": {"executed_lines": [141, 142, 145, 148, 151, 152, 154, 155, 158, 160, 162, 163, 164, 165, 166, 167], "summary": {"covered_lines": 16, "num_statements": 16, "percent_covered": 100.0, "percent_covered_display": "100", "missing_lines": 0, "excluded_lines": 0}, "missing_lines": [], "excluded_lines": []}, "LLMInterface.generate": {"executed_lines": [180, 181, 183, 185, 188, 190, 199, 202, 205, 206, 207, 208, 209, 210, 211, 216, 217, 218], "summary": {"covered_lines": 18, "num_statements": 19, "percent_covered": 94.73684210526316, "percent_covered_display": "95", "missing_lines": 1, "excluded_lines": 0}, "missing_lines": [214], "excluded_lines": []}, "LLMInterface.generate_complete": {"executed_lines": [231, 232, 233, 234, 235, 236], "summary": {"covered_lines": 6, "num_statements": 6, "percent_covered": 100.0, "percent_covered_display": "100", "missing_lines": 0, "excluded_lines": 0}, "missing_lines": [], "excluded_lines": []}, "LLMInterface.process_query": {"executed_lines": [247, 249, 251, 253, 256, 264, 267, 269, 270, 272, 273, 274, 275, 276, 277], "summary": {"covered_lines": 15, "num_statements": 15, "percent_covered": 100.0, "percent_covered_display": "100", "missing_lines": 0, "excluded_lines": 0}, "missing_lines": [], "excluded_lines": []}, "LLMInterface._build_prompt": {"executed_lines": [281, 283, 291], "summary": {"covered_lines": 3, "num_statements": 3, "percent_covered": 100.0, "percent_covered_display": "100", "missing_lines": 0, "excluded_lines": 0}, "missing_lines": [], "excluded_lines": []}, "LLMInterface.estimate_tokens": {"executed_lines": [309, 310, 311, 312, 313, 314, 317], "summary": {"covered_lines": 7, "num_statements": 7, "percent_covered": 100.0, "percent_covered_display": "100", "missing_lines": 0, "excluded_lines": 0}, "missing_lines": [], "excluded_lines": []}, "LLMInterface.validate_context_length": {"executed_lines": [332, 334, 337, 338, 340, 341, 344, 345, 349, 350, 351, 354, 355, 356, 357, 360], "summary": {"covered_lines": 16, "num_statements": 17, "percent_covered": 94.11764705882354, "percent_covered_display": "94", "missing_lines": 1, "excluded_lines": 0}, "missing_lines": [362], "excluded_lines": []}, "LLMInterface.health_check": {"executed_lines": [366, 367, 368, 376, 378, 387, 388], "summary": {"covered_lines": 7, "num_statements": 7, "percent_covered": 100.0, "percent_covered_display": "100", "missing_lines": 0, "excluded_lines": 0}, "missing_lines": [], "excluded_lines": []}, "": {"executed_lines": [1, 6, 8, 9, 10, 11, 12, 14, 17, 18, 19, 21, 22, 23, 24, 25, 26, 27, 28, 29, 30, 31, 32, 33, 35, 53, 54, 83, 89, 100, 104, 105, 118, 119, 121, 139, 169, 220, 238, 279, 300, 319, 364], "summary": {"covered_lines": 40, "num_statements": 40, "percent_covered": 100.0, "percent_covered_display": "100", "missing_lines": 0, "excluded_lines": 0}, "missing_lines": [], "excluded_lines": []}}, "classes": {"Query": {"executed_lines": [37, 57, 58, 59, 60, 61, 63, 64, 65, 67, 85, 86, 87, 91, 102, 107, 108, 111, 112, 113, 115], "summary": {"covered_lines": 21, "num_statements": 21, "percent_covered": 100.0, "percent_covered_display": "100", "missing_lines": 0, "excluded_lines": 0}, "missing_lines": [], "excluded_lines": []}, "LLMInterface": {"executed_lines": [128, 129, 130, 137, 141, 142, 145, 148, 151, 152, 154, 155, 158, 160, 162, 163, 164, 165, 166, 167, 180, 181, 183, 185, 188, 190, 199, 202, 205, 206, 207, 208, 209, 210, 211, 216, 217, 218, 231, 232, 233, 234, 235, 236, 247, 249, 251, 253, 256, 264, 267, 269, 270, 272, 273, 274, 275, 276, 277, 281, 283, 291, 309, 310, 311, 312, 313, 314, 317, 332, 334, 337, 338, 340, 341, 344, 345, 349, 350, 351, 354, 355, 356, 357, 360, 366, 367, 368, 376, 378, 387, 388], "summary": {"covered_lines": 92, "num_statements": 94, "percent_covered": 97.87234042553192, "percent_covered_display": "98", "missing_lines": 2, "excluded_lines": 0}, "missing_lines": [214, 362], "excluded_lines": []}, "": {"executed_lines": [1, 6, 8, 9, 10, 11, 12, 14, 17, 18, 19, 21, 22, 23, 24, 25, 26, 27, 28, 29, 30, 31, 32, 33, 35, 53, 54, 83, 89, 100, 104, 105, 118, 119, 121, 139, 169, 220, 238, 279, 300, 319, 364], "summary": {"covered_lines": 40, "num_statements": 40, "percent_covered": 100.0, "percent_covered_display": "100", "missing_lines": 0, "excluded_lines": 0}, "missing_lines": [], "excluded_lines": []}}}, "src/guide/main.py": {"executed_lines": [1, 6, 8, 9, 10, 11, 12, 13, 14, 15, 16, 18, 19, 21, 22, 25, 26, 28, 35, 36, 37, 38, 39, 40, 41, 44, 45, 46, 49, 50, 52, 54, 56, 58, 59, 60, 63, 65, 66, 67, 70, 72, 73, 74, 77, 78, 79, 80, 81, 85, 86, 87, 88, 89, 91, 97, 98, 100, 101, 103, 104, 105, 106, 107, 108, 110, 116, 118, 124, 125, 127, 129, 131, 132, 134, 135, 136, 137, 139, 141, 142, 143, 144, 146, 148, 149, 151, 152, 153, 155, 156, 157, 160, 162, 163, 166, 181, 187, 193, 194, 195, 196, 206, 207, 208, 218, 219, 220, 221, 223, 224, 233, 239, 240, 242, 258, 261, 262, 264, 266, 277, 278, 281, 282, 305, 307, 310, 314, 315, 316, 319, 320, 323, 326, 328, 329, 331, 335, 336, 339, 340, 341, 344, 352, 353, 356, 357, 358, 361, 362, 373, 377, 378, 380, 383, 384, 385, 387, 396, 399, 400, 401, 411, 413, 414, 417, 419, 420, 423, 424, 425, 426, 428, 429, 435, 446, 448, 449, 450, 451, 454], "summary": {"covered_lines": 178, "num_statements": 191, "percent_covered": 93.19371727748691, "percent_covered_display": "93", "missing_lines": 13, "excluded_lines": 0}, "missing_lines": [82, 83, 167, 170, 171, 173, 174, 178, 179, 183, 184, 185, 455], "excluded_lines": [], "functions": {"ThermalMonitor.__init__": {"executed_lines": [35, 36, 37, 38, 39, 40, 41, 44, 45, 46, 49, 50, 52], "summary": {"covered_lines": 13, "num_statements": 13, "percent_covered": 100.0, "percent_covered_display": "100", "missing_lines": 0, "excluded_lines": 0}, "missing_lines": [], "excluded_lines": []}, "ThermalMonitor._discover_thermal_zones": {"executed_lines": [56, 58, 59, 60, 63, 65, 66, 67, 70, 72, 73, 74, 77, 78, 79, 80, 81, 85, 86, 87, 88, 89], "summary": {"covered_lines": 22, "num_statements": 24, "percent_covered": 91.66666666666667, "percent_covered_display": "92", "missing_lines": 2, "excluded_lines": 0}, "missing_lines": [82, 83], "excluded_lines": []}, "ThermalMonitor._read_temperature": {"executed_lines": [97, 98, 100, 101, 103, 104, 105, 106, 107, 108], "summary": {"covered_lines": 10, "num_statements": 10, "percent_covered": 100.0, "percent_covered_display": "100", "missing_lines": 0, "excluded_lines": 0}, "missing_lines": [], "excluded_lines": []}, "ThermalMonitor.get_current_temperature": {"executed_lines": [116], "summary": {"covered_lines": 1, "num_statements": 1, "percent_covered": 100.0, "percent_covered_display": "100", "missing_lines": 0, "excluded_lines": 0}, "missing_lines": [], "excluded_lines": []}, "ThermalMonitor.get_average_temperature": {"executed_lines": [124, 125, 127], "summary": {"covered_lines": 3, "num_statements": 3, "percent_covered": 100.0, "percent_covered_display": "100", "missing_lines": 0, "excluded_lines": 0}, "missing_lines": [], "excluded_lines": []}, "ThermalMonitor.start_monitoring": {"executed_lines": [131, 132, 134, 135, 136, 137], "summary": {"covered_lines": 6, "num_statements": 6, "percent_covered": 100.0, "percent_covered_display": "100", "missing_lines": 0, "excluded_lines": 0}, "missing_lines": [], "excluded_lines": []}, "ThermalMonitor.stop_monitoring": {"executed_lines": [141, 142, 143, 144], "summary": {"covered_lines": 4, "num_statements": 4, "percent_covered": 100.0, "percent_covered_display": "100", "missing_lines": 0, "excluded_lines": 0}, "missing_lines": [], "excluded_lines": []}, "ThermalMonitor._monitor_loop": {"executed_lines": [148, 149, 151, 152, 153, 155, 156, 157, 160, 162, 163, 166, 181], "summary": {"covered_lines": 13, "num_statements": 23, "percent_covered": 56.52173913043478, "percent_covered_display": "57", "missing_lines": 10, "excluded_lines": 0}, "missing_lines": [167, 170, 171, 173, 174, 178, 179, 183, 184, 185], "excluded_lines": []}, "ThermalMonitor._check_thermal_thresholds": {"executed_lines": [193, 194, 195, 196, 206, 207, 208, 218, 219, 220, 221, 223, 224], "summary": {"covered_lines": 13, "num_statements": 13, "percent_covered": 100.0, "percent_covered_display": "100", "missing_lines": 0, "excluded_lines": 0}, "missing_lines": [], "excluded_lines": []}, "ThermalMonitor.get_thermal_status": {"executed_lines": [239, 240, 242], "summary": {"covered_lines": 3, "num_statements": 3, "percent_covered": 100.0, "percent_covered_display": "100", "missing_lines": 0, "excluded_lines": 0}, "missing_lines": [], "excluded_lines": []}, "JSONFormatter.format": {"executed_lines": [266, 277, 278, 281, 282, 305, 307], "summary": {"covered_lines": 7, "num_statements": 7, "percent_covered": 100.0, "percent_covered_display": "100", "missing_lines": 0, "excluded_lines": 0}, "missing_lines": [], "excluded_lines": []}, "setup_logging": {"executed_lines": [314, 315, 316, 319, 320, 323, 326, 328, 329, 331, 335, 336, 339, 340, 341, 344, 352, 353, 356, 357, 358, 361, 362], "summary": {"covered_lines": 23, "num_statements": 23, "percent_covered": 100.0, "percent_covered_display": "100", "missing_lines": 0, "excluded_lines": 0}, "missing_lines": [], "excluded_lines": []}, "create_app": {"executed_lines": [377, 378, 380, 383, 384, 385, 387, 396, 399, 400, 401, 411, 413, 414], "summary": {"covered_lines": 14, "num_statements": 14, "percent_covered": 100.0, "percent_covered_display": "100", "missing_lines": 0, "excluded_lines": 0}, "missing_lines": [], "excluded_lines": []}, "main": {"executed_lines": [419, 420, 423, 424, 425, 426, 428, 429, 435, 446, 448, 449, 450, 451], "summary": {"covered_lines": 14, "num_statements": 14, "percent_covered": 100.0, "percent_covered_display": "100", "missing_lines": 0, "excluded_lines": 0}, "missing_lines": [], "excluded_lines": []}, "": {"executed_lines": [1, 6, 8, 9, 10, 11, 12, 13, 14, 15, 16, 18, 19, 21, 22, 25, 26, 28, 54, 91, 110, 118, 129, 139, 146, 187, 233, 258, 261, 262, 264, 310, 373, 417, 454], "summary": {"covered_lines": 32, "num_statements": 33, "percent_covered": 96.96969696969697, "percent_covered_display": "97", "missing_lines": 1, "excluded_lines": 0}, "missing_lines": [455], "excluded_lines": []}}, "classes": {"ThermalMonitor": {"executed_lines": [35, 36, 37, 38, 39, 40, 41, 44, 45, 46, 49, 50, 52, 56, 58, 59, 60, 63, 65, 66, 67, 70, 72, 73, 74, 77, 78, 79, 80, 81, 85, 86, 87, 88, 89, 97, 98, 100, 101, 103, 104, 105, 106, 107, 108, 116, 124, 125, 127, 131, 132, 134, 135, 136, 137, 141, 142, 143, 144, 148, 149, 151, 152, 153, 155, 156, 157, 160, 162, 163, 166, 181, 193, 194, 195, 196, 206, 207, 208, 218, 219, 220, 221, 223, 224, 239, 240, 242], "summary": {"covered_lines": 88, "num_statements": 100, "percent_covered": 88.0, "percent_covered_display": "88", "missing_lines": 12, "excluded_lines": 0}, "missing_lines": [82, 83, 167, 170, 171, 173, 174, 178, 179, 183, 184, 185], "excluded_lines": []}, "JSONFormatter": {"executed_lines": [266, 277, 278, 281, 282, 305, 307], "summary": {"covered_lines": 7, "num_statements": 7, "percent_covered": 100.0, "percent_covered_display": "100", "missing_lines": 0, "excluded_lines": 0}, "missing_lines": [], "excluded_lines": []}, "": {"executed_lines": [1, 6, 8, 9, 10, 11, 12, 13, 14, 15, 16, 18, 19, 21, 22, 25, 26, 28, 54, 91, 110, 118, 129, 139, 146, 187, 233, 258, 261, 262, 264, 310, 314, 315, 316, 319, 320, 323, 326, 328, 329, 331, 335, 336, 339, 340, 341, 344, 352, 353, 356, 357, 358, 361, 362, 373, 377, 378, 380, 383, 384, 385, 387, 396, 399, 400, 401, 411, 413, 414, 417, 419, 420, 423, 424, 425, 426, 428, 429, 435, 446, 448, 449, 450, 451, 454], "summary": {"covered_lines": 83, "num_statements": 84, "percent_covered": 98.80952380952381, "percent_covered_display": "99", "missing_lines": 1, "excluded_lines": 0}, "missing_lines": [455], "excluded_lines": []}}}, "src/guide/model_manager.py": {"executed_lines": [1, 6, 8, 9, 10, 11, 12, 13, 14, 15, 17, 18, 19, 21, 24, 25, 27, 30, 31, 33, 36, 37, 39, 41, 44, 45, 48, 49, 50, 53, 54, 57, 58, 64, 65, 66, 68, 74, 75, 76, 77, 78, 79, 81, 83, 85, 86, 87, 88, 89, 91, 100, 102, 103, 104, 106, 108, 120, 121, 123, 125, 126, 129, 130, 132, 133, 136, 137, 140, 141, 143, 150, 151, 153, 166, 167, 170, 171, 172, 175, 178, 180, 181, 185, 194, 203, 205, 223, 224, 225, 227, 228, 230, 231, 233, 238, 240, 241, 244, 245, 247, 248, 250, 251, 252, 253, 254, 257, 258, 259, 272, 276, 279, 282, 285, 291, 293, 302, 304, 306, 308, 310, 312, 313, 314, 316, 318, 319, 320, 322, 331, 332, 333, 334, 341, 342, 345, 347, 354, 355, 356, 357, 360, 363, 366, 368, 377, 379, 380, 382, 383, 386, 387, 388, 390, 391, 397, 403, 404, 406, 407, 408, 409, 411], "summary": {"covered_lines": 160, "num_statements": 172, "percent_covered": 93.02325581395348, "percent_covered_display": "93", "missing_lines": 12, "excluded_lines": 0}, "missing_lines": [260, 261, 307, 337, 338, 343, 358, 361, 364, 393, 394, 395], "excluded_lines": [], "functions": {"ModelManager.__init__": {"executed_lines": [41, 44, 45, 48, 49, 50, 53, 54, 57, 58, 64, 65, 66], "summary": {"covered_lines": 13, "num_statements": 13, "percent_covered": 100.0, "percent_covered_display": "100", "missing_lines": 0, "excluded_lines": 0}, "missing_lines": [], "excluded_lines": []}, "ModelManager._load_metadata": {"executed_lines": [74, 75, 76, 77, 78, 79, 81], "summary": {"covered_lines": 7, "num_statements": 7, "percent_covered": 100.0, "percent_covered_display": "100", "missing_lines": 0, "excluded_lines": 0}, "missing_lines": [], "excluded_lines": []}, "ModelManager._save_metadata": {"executed_lines": [85, 86, 87, 88, 89], "summary": {"covered_lines": 5, "num_statements": 5, "percent_covered": 100.0, "percent_covered_display": "100", "missing_lines": 0, "excluded_lines": 0}, "missing_lines": [], "excluded_lines": []}, "ModelManager._calculate_file_hash": {"executed_lines": [100, 102, 103, 104, 106], "summary": {"covered_lines": 5, "num_statements": 5, "percent_covered": 100.0, "percent_covered_display": "100", "missing_lines": 0, "excluded_lines": 0}, "missing_lines": [], "excluded_lines": []}, "ModelManager._validate_gguf_header": {"executed_lines": [120, 121, 123, 125, 126, 129, 130, 132, 133, 136, 137, 140, 141, 143, 150, 151], "summary": {"covered_lines": 16, "num_statements": 16, "percent_covered": 100.0, "percent_covered_display": "100", "missing_lines": 0, "excluded_lines": 0}, "missing_lines": [], "excluded_lines": []}, "ModelManager.validate_model": {"executed_lines": [166, 167, 170, 171, 172, 175, 178, 180, 181, 185, 194, 203], "summary": {"covered_lines": 12, "num_statements": 12, "percent_covered": 100.0, "percent_covered_display": "100", "missing_lines": 0, "excluded_lines": 0}, "missing_lines": [], "excluded_lines": []}, "ModelManager.download_model": {"executed_lines": [223, 224, 225, 227, 228, 230, 231, 233, 238, 240, 241, 244, 245, 247, 248, 250, 251, 252, 253, 254, 257, 258, 259, 272, 276, 279, 282, 285, 291, 293, 302, 304, 306, 308, 310, 312, 313, 314, 316, 318, 319, 320], "summary": {"covered_lines": 42, "num_statements": 45, "percent_covered": 93.33333333333333, "percent_covered_display": "93", "missing_lines": 3, "excluded_lines": 0}, "missing_lines": [260, 261, 307], "excluded_lines": []}, "ModelManager.get_model_path": {"executed_lines": [331, 332, 333, 334, 341, 342, 345], "summary": {"covered_lines": 7, "num_statements": 10, "percent_covered": 70.0, "percent_covered_display": "70", "missing_lines": 3, "excluded_lines": 0}, "missing_lines": [337, 338, 343], "excluded_lines": []}, "ModelManager.list_models": {"executed_lines": [354, 355, 356, 357, 360, 363, 366], "summary": {"covered_lines": 7, "num_statements": 10, "percent_covered": 70.0, "percent_covered_display": "70", "missing_lines": 3, "excluded_lines": 0}, "missing_lines": [358, 361, 364], "excluded_lines": []}, "ModelManager.delete_model": {"executed_lines": [377, 379, 380, 382, 383, 386, 387, 388, 390, 391], "summary": {"covered_lines": 10, "num_statements": 13, "percent_covered": 76.92307692307692, "percent_covered_display": "77", "missing_lines": 3, "excluded_lines": 0}, "missing_lines": [393, 394, 395], "excluded_lines": []}, "ModelManager.get_storage_info": {"executed_lines": [403, 404, 406, 407, 408, 409, 411], "summary": {"covered_lines": 7, "num_statements": 7, "percent_covered": 100.0, "percent_covered_display": "100", "missing_lines": 0, "excluded_lines": 0}, "missing_lines": [], "excluded_lines": []}, "": {"executed_lines": [1, 6, 8, 9, 10, 11, 12, 13, 14, 15, 17, 18, 19, 21, 24, 25, 27, 30, 31, 33, 36, 37, 39, 68, 83, 91, 108, 153, 205, 322, 347, 368, 397], "summary": {"covered_lines": 29, "num_statements": 29, "percent_covered": 100.0, "percent_covered_display": "100", "missing_lines": 0, "excluded_lines": 0}, "missing_lines": [], "excluded_lines": []}}, "classes": {"ModelValidationError": {"executed_lines": [], "summary": {"covered_lines": 0, "num_statements": 0, "percent_covered": 100.0, "percent_covered_display": "100", "missing_lines": 0, "excluded_lines": 0}, "missing_lines": [], "excluded_lines": []}, "ModelDownloadError": {"executed_lines": [], "summary": {"covered_lines": 0, "num_statements": 0, "percent_covered": 100.0, "percent_covered_display": "100", "missing_lines": 0, "excluded_lines": 0}, "missing_lines": [], "excluded_lines": []}, "ModelManager": {"executed_lines": [41, 44, 45, 48, 49, 50, 53, 54, 57, 58, 64, 65, 66, 74, 75, 76, 77, 78, 79, 81, 85, 86, 87, 88, 89, 100, 102, 103, 104, 106, 120, 121, 123, 125, 126, 129, 130, 132, 133, 136, 137, 140, 141, 143, 150, 151, 166, 167, 170, 171, 172, 175, 178, 180, 181, 185, 194, 203, 223, 224, 225, 227, 228, 230, 231, 233, 238, 240, 241, 244, 245, 247, 248, 250, 251, 252, 253, 254, 257, 258, 259, 272, 276, 279, 282, 285, 291, 293, 302, 304, 306, 308, 310, 312, 313, 314, 316, 318, 319, 320, 331, 332, 333, 334, 341, 342, 345, 354, 355, 356, 357, 360, 363, 366, 377, 379, 380, 382, 383, 386, 387, 388, 390, 391, 403, 404, 406, 407, 408, 409, 411], "summary": {"covered_lines": 131, "num_statements": 143, "percent_covered": 91.60839160839161, "percent_covered_display": "92", "missing_lines": 12, "excluded_lines": 0}, "missing_lines": [260, 261, 307, 337, 338, 343, 358, 361, 364, 393, 394, 395], "excluded_lines": []}, "": {"executed_lines": [1, 6, 8, 9, 10, 11, 12, 13, 14, 15, 17, 18, 19, 21, 24, 25, 27, 30, 31, 33, 36, 37, 39, 68, 83, 91, 108, 153, 205, 322, 347, 368, 397], "summary": {"covered_lines": 29, "num_statements": 29, "percent_covered": 100.0, "percent_covered_display": "100", "missing_lines": 0, "excluded_lines": 0}, "missing_lines": [], "excluded_lines": []}}}, "src/guide/vector_store.py": {"executed_lines": [1, 6, 8, 9, 10, 11, 12, 13, 15, 16, 18, 21, 22, 23, 25, 26, 27, 28, 29, 31, 33, 35, 37, 38, 40, 42, 50, 51, 54, 55, 56, 57, 58, 60, 68, 69, 70, 72, 73, 74, 75, 76, 77, 78, 79, 80, 82, 84, 86, 88, 89, 91, 93, 105, 106, 109, 110, 111, 112, 113, 115, 126, 127, 130, 131, 134, 135, 137, 144, 145, 146, 147, 148, 150, 152, 155, 157, 159, 167, 170, 175, 177, 178, 179, 181, 190, 191, 193, 194, 195, 196, 198, 200, 201, 204, 211, 212, 213, 216, 219, 221, 222, 223, 225, 226, 229, 240, 241, 244, 245, 246, 247, 248, 249, 250, 252, 254, 264, 265, 267, 269, 271, 278, 279, 280, 281, 289, 290, 292, 293, 294, 296, 306, 307, 309, 311, 312, 314, 316, 317, 319, 321, 322, 323, 324, 326, 327, 329, 330, 331, 333, 339, 342, 344, 346, 347, 348, 349, 350, 351, 353, 354, 360, 362, 363, 365, 367, 369, 371, 372, 374, 375, 376, 377, 378, 379, 381, 383, 384, 386, 387, 388, 389, 390, 391, 393, 395, 398, 399, 401, 402, 405, 406, 408, 410, 413, 415, 416, 417, 420, 422, 424, 425, 428, 441, 442, 445, 446, 448, 450, 451, 453, 455, 456, 457, 466, 468, 477, 478], "summary": {"covered_lines": 215, "num_statements": 219, "percent_covered": 98.17351598173516, "percent_covered_display": "98", "missing_lines": 4, "excluded_lines": 0}, "missing_lines": [340, 356, 357, 358], "excluded_lines": [], "functions": {"Document.__post_init__": {"executed_lines": [33], "summary": {"covered_lines": 1, "num_statements": 1, "percent_covered": 100.0, "percent_covered_display": "100", "missing_lines": 0, "excluded_lines": 0}, "missing_lines": [], "excluded_lines": []}, "Document._calculate_hash": {"executed_lines": [37, 38], "summary": {"covered_lines": 2, "num_statements": 2, "percent_covered": 100.0, "percent_covered_display": "100", "missing_lines": 0, "excluded_lines": 0}, "missing_lines": [], "excluded_lines": []}, "Document.to_dict": {"executed_lines": [42], "summary": {"covered_lines": 1, "num_statements": 1, "percent_covered": 100.0, "percent_covered_display": "100", "missing_lines": 0, "excluded_lines": 0}, "missing_lines": [], "excluded_lines": []}, "Document.from_dict": {"executed_lines": [54, 55, 56, 57, 58, 60], "summary": {"covered_lines": 6, "num_statements": 6, "percent_covered": 100.0, "percent_covered_display": "100", "missing_lines": 0, "excluded_lines": 0}, "missing_lines": [], "excluded_lines": []}, "DocumentChunk.__post_init__": {"executed_lines": [84], "summary": {"covered_lines": 1, "num_statements": 1, "percent_covered": 100.0, "percent_covered_display": "100", "missing_lines": 0, "excluded_lines": 0}, "missing_lines": [], "excluded_lines": []}, "DocumentChunk._calculate_hash": {"executed_lines": [88, 89], "summary": {"covered_lines": 2, "num_statements": 2, "percent_covered": 100.0, "percent_covered_display": "100", "missing_lines": 0, "excluded_lines": 0}, "missing_lines": [], "excluded_lines": []}, "DocumentChunk.to_dict": {"executed_lines": [93], "summary": {"covered_lines": 1, "num_statements": 1, "percent_covered": 100.0, "percent_covered_display": "100", "missing_lines": 0, "excluded_lines": 0}, "missing_lines": [], "excluded_lines": []}, "DocumentChunk.from_dict": {"executed_lines": [109, 110, 111, 112, 113, 115], "summary": {"covered_lines": 6, "num_statements": 6, "percent_covered": 100.0, "percent_covered_display": "100", "missing_lines": 0, "excluded_lines": 0}, "missing_lines": [], "excluded_lines": []}, "DocumentChunk.create_chunk_id": {"executed_lines": [130, 131], "summary": {"covered_lines": 2, "num_statements": 2, "percent_covered": 100.0, "percent_covered_display": "100", "missing_lines": 0, "excluded_lines": 0}, "missing_lines": [], "excluded_lines": []}, "VectorStore.__init__": {"executed_lines": [144, 145, 146, 147, 148], "summary": {"covered_lines": 5, "num_statements": 5, "percent_covered": 100.0, "percent_covered_display": "100", "missing_lines": 0, "excluded_lines": 0}, "missing_lines": [], "excluded_lines": []}, "VectorStore._initialize_client": {"executed_lines": [152, 155, 157, 159, 167, 170, 175, 177, 178, 179], "summary": {"covered_lines": 10, "num_statements": 10, "percent_covered": 100.0, "percent_covered_display": "100", "missing_lines": 0, "excluded_lines": 0}, "missing_lines": [], "excluded_lines": []}, "VectorStore.add_documents": {"executed_lines": [190, 191, 193, 194, 195, 196, 198, 200, 201, 204, 211, 212, 213, 216, 219, 221, 222, 223, 225, 226, 229, 240, 241, 244, 245, 246, 247, 248, 249, 250, 252], "summary": {"covered_lines": 31, "num_statements": 31, "percent_covered": 100.0, "percent_covered_display": "100", "missing_lines": 0, "excluded_lines": 0}, "missing_lines": [], "excluded_lines": []}, "VectorStore.search": {"executed_lines": [264, 265, 267, 269, 271, 278, 279, 280, 281, 289, 290, 292, 293, 294], "summary": {"covered_lines": 14, "num_statements": 14, "percent_covered": 100.0, "percent_covered_display": "100", "missing_lines": 0, "excluded_lines": 0}, "missing_lines": [], "excluded_lines": []}, "VectorStore.delete_documents": {"executed_lines": [306, 307, 309, 311, 312, 314, 316, 317, 319, 321, 322, 323, 324, 326, 327, 329, 330, 331], "summary": {"covered_lines": 18, "num_statements": 18, "percent_covered": 100.0, "percent_covered_display": "100", "missing_lines": 0, "excluded_lines": 0}, "missing_lines": [], "excluded_lines": []}, "VectorStore.clear_all_documents": {"executed_lines": [339, 342, 344, 346, 347, 348, 349, 350, 351, 353, 354], "summary": {"covered_lines": 11, "num_statements": 15, "percent_covered": 73.33333333333333, "percent_covered_display": "73", "missing_lines": 4, "excluded_lines": 0}, "missing_lines": [340, 356, 357, 358], "excluded_lines": []}, "VectorStore._calculate_hash": {"executed_lines": [362, 363], "summary": {"covered_lines": 2, "num_statements": 2, "percent_covered": 100.0, "percent_covered_display": "100", "missing_lines": 0, "excluded_lines": 0}, "missing_lines": [], "excluded_lines": []}, "VectorStore._is_duplicate": {"executed_lines": [367], "summary": {"covered_lines": 1, "num_statements": 1, "percent_covered": 100.0, "percent_covered_display": "100", "missing_lines": 0, "excluded_lines": 0}, "missing_lines": [], "excluded_lines": []}, "VectorStore._is_document_duplicate": {"executed_lines": [371, 372, 374, 375, 376, 377, 378, 379], "summary": {"covered_lines": 8, "num_statements": 8, "percent_covered": 100.0, "percent_covered_display": "100", "missing_lines": 0, "excluded_lines": 0}, "missing_lines": [], "excluded_lines": []}, "VectorStore._is_chunk_duplicate": {"executed_lines": [383, 384, 386, 387, 388, 389, 390, 391], "summary": {"covered_lines": 8, "num_statements": 8, "percent_covered": 100.0, "percent_covered_display": "100", "missing_lines": 0, "excluded_lines": 0}, "missing_lines": [], "excluded_lines": []}, "VectorStore._chunk_document": {"executed_lines": [395, 398, 399, 401, 402, 405, 406, 408, 410, 413, 415, 416, 417, 420, 422, 424, 425, 428, 441, 442, 445, 446, 448, 450, 451], "summary": {"covered_lines": 25, "num_statements": 25, "percent_covered": 100.0, "percent_covered_display": "100", "missing_lines": 0, "excluded_lines": 0}, "missing_lines": [], "excluded_lines": []}, "VectorStore.health_check": {"executed_lines": [455, 456, 457, 466, 468, 477, 478], "summary": {"covered_lines": 7, "num_statements": 7, "percent_covered": 100.0, "percent_covered_display": "100", "missing_lines": 0, "excluded_lines": 0}, "missing_lines": [], "excluded_lines": []}, "": {"executed_lines": [1, 6, 8, 9, 10, 11, 12, 13, 15, 16, 18, 21, 22, 23, 25, 26, 27, 28, 29, 31, 35, 40, 50, 51, 68, 69, 70, 72, 73, 74, 75, 76, 77, 78, 79, 80, 82, 86, 91, 105, 106, 126, 127, 134, 135, 137, 150, 181, 254, 296, 333, 360, 365, 369, 381, 393, 453], "summary": {"covered_lines": 53, "num_statements": 53, "percent_covered": 100.0, "percent_covered_display": "100", "missing_lines": 0, "excluded_lines": 0}, "missing_lines": [], "excluded_lines": []}}, "classes": {"Document": {"executed_lines": [33, 37, 38, 42, 54, 55, 56, 57, 58, 60], "summary": {"covered_lines": 10, "num_statements": 10, "percent_covered": 100.0, "percent_covered_display": "100", "missing_lines": 0, "excluded_lines": 0}, "missing_lines": [], "excluded_lines": []}, "DocumentChunk": {"executed_lines": [84, 88, 89, 93, 109, 110, 111, 112, 113, 115, 130, 131], "summary": {"covered_lines": 12, "num_statements": 12, "percent_covered": 100.0, "percent_covered_display": "100", "missing_lines": 0, "excluded_lines": 0}, "missing_lines": [], "excluded_lines": []}, "VectorStore": {"executed_lines": [144, 145, 146, 147, 148, 152, 155, 157, 159, 167, 170, 175, 177, 178, 179, 190, 191, 193, 194, 195, 196, 198, 200, 201, 204, 211, 212, 213, 216, 219, 221, 222, 223, 225, 226, 229, 240, 241, 244, 245, 246, 247, 248, 249, 250, 252, 264, 265, 267, 269, 271, 278, 279, 280, 281, 289, 290, 292, 293, 294, 306, 307, 309, 311, 312, 314, 316, 317, 319, 321, 322, 323, 324, 326, 327, 329, 330, 331, 339, 342, 344, 346, 347, 348, 349, 350, 351, 353, 354, 362, 363, 367, 371, 372, 374, 375, 376, 377, 378, 379, 383, 384, 386, 387, 388, 389, 390, 391, 395, 398, 399, 401, 402, 405, 406, 408, 410, 413, 415, 416, 417, 420, 422, 424, 425, 428, 441, 442, 445, 446, 448, 450, 451, 455, 456, 457, 466, 468, 477, 478], "summary": {"covered_lines": 140, "num_statements": 144, "percent_covered": 97.22222222222223, "percent_covered_display": "97", "missing_lines": 4, "excluded_lines": 0}, "missing_lines": [340, 356, 357, 358], "excluded_lines": []}, "": {"executed_lines": [1, 6, 8, 9, 10, 11, 12, 13, 15, 16, 18, 21, 22, 23, 25, 26, 27, 28, 29, 31, 35, 40, 50, 51, 68, 69, 70, 72, 73, 74, 75, 76, 77, 78, 79, 80, 82, 86, 91, 105, 106, 126, 127, 134, 135, 137, 150, 181, 254, 296, 333, 360, 365, 369, 381, 393, 453], "summary": {"covered_lines": 53, "num_statements": 53, "percent_covered": 100.0, "percent_covered_display": "100", "missing_lines": 0, "excluded_lines": 0}, "missing_lines": [], "excluded_lines": []}}}, "src/guide/web_interface.py": {"executed_lines": [1, 6, 8, 9, 11, 12, 13, 14, 16, 17, 18, 20, 24, 25, 27, 28, 29, 30, 33, 34, 36, 39, 40, 42, 45, 46, 48, 51, 52, 54, 57, 58, 60, 64, 65, 67, 68, 69, 71, 72, 73, 75, 76, 77, 79, 80, 81, 83, 84, 85, 88, 89, 91, 92, 93, 94, 97, 98, 100, 102, 103, 104, 107, 108, 110, 111, 112, 113, 117, 119, 130, 138, 140, 150, 156, 158, 163, 173, 178, 179, 180, 182, 183, 184, 185, 187, 192, 202, 204, 215, 223, 227, 228, 229, 230, 231, 232, 235, 236, 237, 240, 243, 247, 250, 251, 254, 255, 256, 259, 261, 262, 264, 265, 268, 269, 271, 273, 274, 275, 279, 280, 283, 288, 289, 290, 299, 300, 304, 305, 309, 310, 311, 321, 322, 325, 330, 331, 336, 338, 342, 344, 353, 356, 357, 360, 361, 363, 364, 366, 469, 470, 472, 473, 476, 477, 478, 485, 486, 487, 494, 497, 498, 500, 503, 504, 505, 507, 510, 512, 517, 518, 519, 521, 527, 528, 531, 532, 538, 539, 540, 541, 542, 543, 544, 546, 557, 558, 560, 566, 567, 570, 571, 574, 575, 577, 578, 579, 581, 582, 588, 589, 591, 592, 595, 598, 599, 601, 603, 604, 605, 606, 607, 608, 609, 611, 616, 620, 622, 624, 632, 634, 635, 636, 637, 642, 643, 645, 646, 648, 652, 653, 655, 656, 671, 672, 675, 676, 678, 679, 680, 682, 683, 684, 685, 687, 688, 690, 691, 695, 701, 702, 703, 705, 706, 708, 709, 711, 712, 714, 717, 718, 719, 720, 721, 723, 724, 726, 727, 729, 730, 734, 736, 737, 738, 739, 740, 741], "summary": {"covered_lines": 266, "num_statements": 291, "percent_covered": 91.40893470790378, "percent_covered_display": "91", "missing_lines": 25, "excluded_lines": 0}, "missing_lines": [260, 284, 295, 316, 340, 479, 480, 482, 488, 489, 491, 506, 508, 513, 514, 553, 554, 555, 561, 584, 585, 586, 617, 649, 650], "excluded_lines": [], "functions": {"LocalRAGError.__init__": {"executed_lines": [28, 29, 30], "summary": {"covered_lines": 3, "num_statements": 3, "percent_covered": 100.0, "percent_covered_display": "100", "missing_lines": 0, "excluded_lines": 0}, "missing_lines": [], "excluded_lines": []}, "QueryRequest.validate_query": {"executed_lines": [75, 76, 77], "summary": {"covered_lines": 3, "num_statements": 3, "percent_covered": 100.0, "percent_covered_display": "100", "missing_lines": 0, "excluded_lines": 0}, "missing_lines": [], "excluded_lines": []}, "QueryRequest.validate_max_results": {"executed_lines": [83, 84, 85], "summary": {"covered_lines": 3, "num_statements": 3, "percent_covered": 100.0, "percent_covered_display": "100", "missing_lines": 0, "excluded_lines": 0}, "missing_lines": [], "excluded_lines": []}, "handle_local_rag_exception": {"executed_lines": [119, 130], "summary": {"covered_lines": 2, "num_statements": 2, "percent_covered": 100.0, "percent_covered_display": "100", "missing_lines": 0, "excluded_lines": 0}, "missing_lines": [], "excluded_lines": []}, "handle_http_exception": {"executed_lines": [140, 150], "summary": {"covered_lines": 2, "num_statements": 2, "percent_covered": 100.0, "percent_covered_display": "100", "missing_lines": 0, "excluded_lines": 0}, "missing_lines": [], "excluded_lines": []}, "handle_validation_error": {"executed_lines": [158, 163], "summary": {"covered_lines": 2, "num_statements": 2, "percent_covered": 100.0, "percent_covered_display": "100", "missing_lines": 0, "excluded_lines": 0}, "missing_lines": [], "excluded_lines": []}, "handle_request_validation_error": {"executed_lines": [178, 179, 180, 182, 183, 184, 185, 187, 192], "summary": {"covered_lines": 9, "num_statements": 9, "percent_covered": 100.0, "percent_covered_display": "100", "missing_lines": 0, "excluded_lines": 0}, "missing_lines": [], "excluded_lines": []}, "handle_general_exception": {"executed_lines": [204, 215], "summary": {"covered_lines": 2, "num_statements": 2, "percent_covered": 100.0, "percent_covered_display": "100", "missing_lines": 0, "excluded_lines": 0}, "missing_lines": [], "excluded_lines": []}, "setup_error_handlers": {"executed_lines": [227, 228, 229, 230, 231, 232, 235, 236, 237, 240], "summary": {"covered_lines": 10, "num_statements": 10, "percent_covered": 100.0, "percent_covered_display": "100", "missing_lines": 0, "excluded_lines": 0}, "missing_lines": [], "excluded_lines": []}, "setup_routes": {"executed_lines": [247, 250, 251, 254, 255, 256, 259, 261, 262, 264, 265, 268, 269, 271, 273, 274, 275, 279, 280, 283, 288, 289, 290, 299, 300, 304, 305, 309, 310, 311, 321, 322, 325, 330, 331, 336, 338, 342, 344, 353, 356, 357, 360, 361, 363, 364, 469, 470, 557, 558, 588, 589, 642, 643, 652, 653, 675, 676, 687, 688, 705, 706, 723, 724], "summary": {"covered_lines": 64, "num_statements": 69, "percent_covered": 92.7536231884058, "percent_covered_display": "93", "missing_lines": 5, "excluded_lines": 0}, "missing_lines": [260, 284, 295, 316, 340], "excluded_lines": []}, "setup_routes.index": {"executed_lines": [366], "summary": {"covered_lines": 1, "num_statements": 1, "percent_covered": 100.0, "percent_covered_display": "100", "missing_lines": 0, "excluded_lines": 0}, "missing_lines": [], "excluded_lines": []}, "setup_routes.health_check": {"executed_lines": [472, 473, 476, 477, 478, 485, 486, 487, 494, 497, 498, 500, 503, 504, 505, 507, 510, 512, 517, 518, 519, 521, 527, 528, 531, 532, 538, 539, 540, 541, 542, 543, 544, 546], "summary": {"covered_lines": 34, "num_statements": 47, "percent_covered": 72.34042553191489, "percent_covered_display": "72", "missing_lines": 13, "excluded_lines": 0}, "missing_lines": [479, 480, 482, 488, 489, 491, 506, 508, 513, 514, 553, 554, 555], "excluded_lines": []}, "setup_routes.query": {"executed_lines": [560, 566, 567, 570, 571, 574, 575, 577, 578, 579, 581, 582], "summary": {"covered_lines": 12, "num_statements": 16, "percent_covered": 75.0, "percent_covered_display": "75", "missing_lines": 4, "excluded_lines": 0}, "missing_lines": [561, 584, 585, 586], "excluded_lines": []}, "setup_routes.import_content": {"executed_lines": [591, 592, 595, 598, 599, 601, 603, 604, 605, 606, 607, 608, 609, 611, 616, 620, 622, 624, 632, 634, 635, 636, 637], "summary": {"covered_lines": 23, "num_statements": 24, "percent_covered": 95.83333333333333, "percent_covered_display": "96", "missing_lines": 1, "excluded_lines": 0}, "missing_lines": [617], "excluded_lines": []}, "setup_routes.reset_database": {"executed_lines": [645, 646, 648], "summary": {"covered_lines": 3, "num_statements": 5, "percent_covered": 60.0, "percent_covered_display": "60", "missing_lines": 2, "excluded_lines": 0}, "missing_lines": [649, 650], "excluded_lines": []}, "setup_routes.system_status": {"executed_lines": [655, 656, 671, 672], "summary": {"covered_lines": 4, "num_statements": 4, "percent_covered": 100.0, "percent_covered_display": "100", "missing_lines": 0, "excluded_lines": 0}, "missing_lines": [], "excluded_lines": []}, "setup_routes.list_models": {"executed_lines": [678, 679, 680, 682, 683, 684, 685], "summary": {"covered_lines": 7, "num_statements": 7, "percent_covered": 100.0, "percent_covered_display": "100", "missing_lines": 0, "excluded_lines": 0}, "missing_lines": [], "excluded_lines": []}, "setup_routes.download_model": {"executed_lines": [690, 691, 695, 701, 702, 703], "summary": {"covered_lines": 6, "num_statements": 6, "percent_covered": 100.0, "percent_covered_display": "100", "missing_lines": 0, "excluded_lines": 0}, "missing_lines": [], "excluded_lines": []}, "setup_routes.delete_model": {"executed_lines": [708, 709, 711, 712, 714, 717, 718, 719, 720, 721], "summary": {"covered_lines": 10, "num_statements": 10, "percent_covered": 100.0, "percent_covered_display": "100", "missing_lines": 0, "excluded_lines": 0}, "missing_lines": [], "excluded_lines": []}, "setup_routes.validate_model": {"executed_lines": [726, 727, 729, 730, 734, 736, 737, 738, 739, 740, 741], "summary": {"covered_lines": 11, "num_statements": 11, "percent_covered": 100.0, "percent_covered_display": "100", "missing_lines": 0, "excluded_lines": 0}, "missing_lines": [], "excluded_lines": []}, "": {"executed_lines": [1, 6, 8, 9, 11, 12, 13, 14, 16, 17, 18, 20, 24, 25, 27, 33, 34, 36, 39, 40, 42, 45, 46, 48, 51, 52, 54, 57, 58, 60, 64, 65, 67, 68, 69, 71, 72, 73, 79, 80, 81, 88, 89, 91, 92, 93, 94, 97, 98, 100, 102, 103, 104, 107, 108, 110, 111, 112, 113, 117, 138, 156, 173, 202, 223, 243], "summary": {"covered_lines": 55, "num_statements": 55, "percent_covered": 100.0, "percent_covered_display": "100", "missing_lines": 0, "excluded_lines": 0}, "missing_lines": [], "excluded_lines": []}}, "classes": {"LocalRAGError": {"executed_lines": [28, 29, 30], "summary": {"covered_lines": 3, "num_statements": 3, "percent_covered": 100.0, "percent_covered_display": "100", "missing_lines": 0, "excluded_lines": 0}, "missing_lines": [], "excluded_lines": []}, "VectorStoreError": {"executed_lines": [], "summary": {"covered_lines": 0, "num_statements": 0, "percent_covered": 100.0, "percent_covered_display": "100", "missing_lines": 0, "excluded_lines": 0}, "missing_lines": [], "excluded_lines": []}, "ConfigurationError": {"executed_lines": [], "summary": {"covered_lines": 0, "num_statements": 0, "percent_covered": 100.0, "percent_covered_display": "100", "missing_lines": 0, "excluded_lines": 0}, "missing_lines": [], "excluded_lines": []}, "LLMError": {"executed_lines": [], "summary": {"covered_lines": 0, "num_statements": 0, "percent_covered": 100.0, "percent_covered_display": "100", "missing_lines": 0, "excluded_lines": 0}, "missing_lines": [], "excluded_lines": []}, "ContentProcessingError": {"executed_lines": [], "summary": {"covered_lines": 0, "num_statements": 0, "percent_covered": 100.0, "percent_covered_display": "100", "missing_lines": 0, "excluded_lines": 0}, "missing_lines": [], "excluded_lines": []}, "ResourceLimitError": {"executed_lines": [], "summary": {"covered_lines": 0, "num_statements": 0, "percent_covered": 100.0, "percent_covered_display": "100", "missing_lines": 0, "excluded_lines": 0}, "missing_lines": [], "excluded_lines": []}, "QueryRequest": {"executed_lines": [75, 76, 77, 83, 84, 85], "summary": {"covered_lines": 6, "num_statements": 6, "percent_covered": 100.0, "percent_covered_display": "100", "missing_lines": 0, "excluded_lines": 0}, "missing_lines": [], "excluded_lines": []}, "ImportRequest": {"executed_lines": [], "summary": {"covered_lines": 0, "num_statements": 0, "percent_covered": 100.0, "percent_covered_display": "100", "missing_lines": 0, "excluded_lines": 0}, "missing_lines": [], "excluded_lines": []}, "DownloadModelRequest": {"executed_lines": [], "summary": {"covered_lines": 0, "num_statements": 0, "percent_covered": 100.0, "percent_covered_display": "100", "missing_lines": 0, "excluded_lines": 0}, "missing_lines": [], "excluded_lines": []}, "ErrorResponse": {"executed_lines": [], "summary": {"covered_lines": 0, "num_statements": 0, "percent_covered": 100.0, "percent_covered_display": "100", "missing_lines": 0, "excluded_lines": 0}, "missing_lines": [], "excluded_lines": []}, "": {"executed_lines": [1, 6, 8, 9, 11, 12, 13, 14, 16, 17, 18, 20, 24, 25, 27, 33, 34, 36, 39, 40, 42, 45, 46, 48, 51, 52, 54, 57, 58, 60, 64, 65, 67, 68, 69, 71, 72, 73, 79, 80, 81, 88, 89, 91, 92, 93, 94, 97, 98, 100, 102, 103, 104, 107, 108, 110, 111, 112, 113, 117, 119, 130, 138, 140, 150, 156, 158, 163, 173, 178, 179, 180, 182, 183, 184, 185, 187, 192, 202, 204, 215, 223, 227, 228, 229, 230, 231, 232, 235, 236, 237, 240, 243, 247, 250, 251, 254, 255, 256, 259, 261, 262, 264, 265, 268, 269, 271, 273, 274, 275, 279, 280, 283, 288, 289, 290, 299, 300, 304, 305, 309, 310, 311, 321, 322, 325, 330, 331, 336, 338, 342, 344, 353, 356, 357, 360, 361, 363, 364, 366, 469, 470, 472, 473, 476, 477, 478, 485, 486, 487, 494, 497, 498, 500, 503, 504, 505, 507, 510, 512, 517, 518, 519, 521, 527, 528, 531, 532, 538, 539, 540, 541, 542, 543, 544, 546, 557, 558, 560, 566, 567, 570, 571, 574, 575, 577, 578, 579, 581, 582, 588, 589, 591, 592, 595, 598, 599, 601, 603, 604, 605, 606, 607, 608, 609, 611, 616, 620, 622, 624, 632, 634, 635, 636, 637, 642, 643, 645, 646, 648, 652, 653, 655, 656, 671, 672, 675, 676, 678, 679, 680, 682, 683, 684, 685, 687, 688, 690, 691, 695, 701, 702, 703, 705, 706, 708, 709, 711, 712, 714, 717, 718, 719, 720, 721, 723, 724, 726, 727, 729, 730, 734, 736, 737, 738, 739, 740, 741], "summary": {"covered_lines": 257, "num_statements": 282, "percent_covered": 91.13475177304964, "percent_covered_display": "91", "missing_lines": 25, "excluded_lines": 0}, "missing_lines": [260, 284, 295, 316, 340, 479, 480, 482, 488, 489, 491, 506, 508, 513, 514, 553, 554, 555, 561, 584, 585, 586, 617, 649, 650], "excluded_lines": []}}}}, "totals": {"covered_lines": 1313, "num_statements": 1377, "percent_covered": 95.35221496005809, "percent_covered_display": "95", "missing_lines": 64, "excluded_lines": 0}}